#
# A fatal error has been detected by the Java Runtime Environment:
#
#  EXCEPTION_ACCESS_VIOLATION (0xc0000005) at pc=0x00007ffde9731b49, pid=25884, tid=27908
#
# JRE version: Java(TM) SE Runtime Environment (9.0+11) (build 9.0.4+11)
# Java VM: Java HotSpot(TM) 64-Bit Server VM (9.0.4+11, mixed mode, tiered, compressed oops, g1 gc, windows-amd64)
# Problematic frame:
# C  0x00007ffde9731b49
#
# No core dump will be written. Minidumps are not enabled by default on client versions of Windows
#
# If you would like to submit a bug report, please visit:
#   http://bugreport.java.com/bugreport/crash.jsp
# The crash happened outside the Java Virtual Machine in native code.
# See problematic frame for where to report the bug.
#

---------------  S U M M A R Y ------------

Command Line: -Dsun.java2d.pmoffscreen=false -Dsun.java2d.xrender=false -Dsun.java2d.d3d=false -Dsun.awt.nopixfmt=true -Dsun.java2d.dpiaware=true -Dsun.java2d.uiScale.enabled=false -Xverify:none -Dswing.aatext=true -XX:-UsePerfData -Djdk.map.althashing.threshold=512 -XX:StringTableSize=4072 --add-opens=java.base/java.nio=ALL-UNNAMED --add-opens=java.desktop/sun.swing=ALL-UNNAMED --add-opens=java.desktop/javax.swing=ALL-UNNAMED --add-opens=java.desktop/javax.swing.tree=ALL-UNNAMED --add-opens=java.desktop/javax.swing.plaf.basic=ALL-UNNAMED --add-opens=java.desktop/javax.swing.plaf.synth=ALL-UNNAMED --add-opens=java.desktop/com.sun.awt=ALL-UNNAMED -XX:NewSize=60m -XX:MaxNewSize=60m -Xms128m -Xmx3072m -Xss5m 

Host: 12th Gen Intel(R) Core(TM) i5-12450H, 12 cores, 15G,  Windows 10 , 64 bit Build 22621 (10.0.22621.3085)
Time: Sat Feb 17 15:33:02 2024 India Standard Time elapsed time: 3754 seconds (0d 1h 2m 34s)

---------------  T H R E A D  ---------------

Current thread (0x000002bbaaa74800):  JavaThread "AWT-EventQueue-1" [_thread_in_native, id=27908, stack(0x000000e5e2900000,0x000000e5e2e00000)]

Stack: [0x000000e5e2900000,0x000000e5e2e00000],  sp=0x000000e5e2df4610,  free space=5073k
Native frames: (J=compiled Java code, j=interpreted, Vv=VM code, C=native code)
C  0x00007ffde9731b49
C  0x00007ffde9745827
C  0x00007ffde9745532
C  0x00007ffde972b256
C  [librdi_wavedata.dll+0x125f70]
C  [librdi_wavedata.dll+0x1486be]
C  [librdi_wavedata.dll+0x1e1fae]
C  [librdi_wavedata.dll+0x1e1ecf]
C  [librdi_wavedata.dll+0x20b340]
C  [librdi_wavedata.dll+0x20b020]
C  [librdi_wavedata.dll+0x26882b]
C  [librdi_wavedata.dll+0x26a243]
C  [librdi_wavedata.dll+0x2430a0]
C  [librdi_wavedata.dll+0x24311d]
C  [librdi_wavedata.dll+0x2431c1]
C  [librdi_wavedata.dll+0x2696b4]
C  [librdi_wavedata.dll+0x239746]
C  [librdi_wavedata.dll+0x239515]
C  [librdi_wavedata.dll+0x275ccf]
C  0x000002bb8fb0921c

Java frames: (J=compiled Java code, j=interpreted, Vv=VM code)
j  ui.views.waveform.waveformi.WVExecutive_getGraphicsDataSize(J)J+0
j  ui.views.waveform.executive.a.gZe()Ljava/io/ByteArrayInputStream;+8
j  ui.views.waveform.b.a.gYQ()V+7
j  ui.views.waveform.b.a.giU()V+1
j  ui.views.waveform.m.gYa()V+4
j  ui.views.waveform.m.cZO()V+11
j  ui.views.waveform.w.cZO()V+29
J 22019 c1 ui.views.waveform.c.b.j(Lui/frmwork/b/i;)V (603 bytes) @ 0x000002bb91df743c [0x000002bb91dedd20+0x000000000000971c]
J 22018 c1 ui.views.waveform.w.a(Lui/frmwork/b/i;)V (17 bytes) @ 0x000002bb90103a14 [0x000002bb90103940+0x00000000000000d4]
J 14023 c1 ui.frmwork.b.l.d(Lui/frmwork/b/i;)V (61 bytes) @ 0x000002bb90e4271c [0x000002bb90e41ec0+0x000000000000085c]
J 14006 c1 ui.frmwork.G.i(JZ)V (471 bytes) @ 0x000002bb910a37ac [0x000002bb9109efc0+0x00000000000047ec]
J 14007 c1 ui.frmwork.G.fireTclEvent(J)I (113 bytes) @ 0x000002bb90e3bc4c [0x000002bb90e3b440+0x000000000000080c]
v  ~StubRoutines::call_stub
j  ui.views.waveform.waveformi.WVExecutive_processModelEvent(JJ)V+0
j  ui.views.waveform.executive.a.eR(J)V+5
j  ui.views.waveform.c.b.eQ(J)V+8
J 22019 c1 ui.views.waveform.c.b.j(Lui/frmwork/b/i;)V (603 bytes) @ 0x000002bb91df8174 [0x000002bb91dedd20+0x000000000000a454]
J 22018 c1 ui.views.waveform.w.a(Lui/frmwork/b/i;)V (17 bytes) @ 0x000002bb90103a14 [0x000002bb90103940+0x00000000000000d4]
J 14023 c1 ui.frmwork.b.l.d(Lui/frmwork/b/i;)V (61 bytes) @ 0x000002bb90e4271c [0x000002bb90e41ec0+0x000000000000085c]
J 14006 c1 ui.frmwork.G.i(JZ)V (471 bytes) @ 0x000002bb910a37ac [0x000002bb9109efc0+0x00000000000047ec]
J 20838 c1 ui.frmwork.G$$Lambda$205.run()V (12 bytes) @ 0x000002bb9156e1dc [0x000002bb9156e100+0x00000000000000dc]
J 14823 c2 java.awt.EventQueue$3.run()Ljava/lang/Object; java.desktop@9.0.4 (5 bytes) @ 0x000002bb981d0b0c [0x000002bb981d0800+0x000000000000030c]
v  ~StubRoutines::call_stub
J 3889  java.security.AccessController.doPrivileged(Ljava/security/PrivilegedAction;Ljava/security/AccessControlContext;)Ljava/lang/Object; java.base@9.0.4 (0 bytes) @ 0x000002bb97818f46 [0x000002bb97818ee0+0x0000000000000066]
J 13991 c2 java.awt.EventQueue.dispatchEvent(Ljava/awt/AWTEvent;)V java.desktop@9.0.4 (80 bytes) @ 0x000002bb97c87b18 [0x000002bb97c875c0+0x0000000000000558]
J 21510 c2 ui.frmwork.b.d.dispatchEvent(Ljava/awt/AWTEvent;)V (34 bytes) @ 0x000002bb989efbe0 [0x000002bb989efb00+0x00000000000000e0]
J 13992 c2 java.awt.EventDispatchThread.pumpOneEventForFilters(I)V java.desktop@9.0.4 (218 bytes) @ 0x000002bb97d426a4 [0x000002bb97d41500+0x00000000000011a4]
J 21500 c2 java.awt.EventDispatchThread.pumpEventsForFilter(ILjava/awt/Conditional;Ljava/awt/EventFilter;)V java.desktop@9.0.4 (47 bytes) @ 0x000002bb989e8448 [0x000002bb989e8260+0x00000000000001e8]
j  java.awt.EventDispatchThread.pumpEventsForFilter(Ljava/awt/Conditional;Ljava/awt/EventFilter;)V+4 java.desktop@9.0.4
j  java.awt.WaitDispatchSupport$2.run()V+59 java.desktop@9.0.4
j  java.awt.WaitDispatchSupport$4.run()Ljava/lang/Void;+4 java.desktop@9.0.4
j  java.awt.WaitDispatchSupport$4.run()Ljava/lang/Object;+1 java.desktop@9.0.4
v  ~StubRoutines::call_stub
J 1032  java.security.AccessController.doPrivileged(Ljava/security/PrivilegedAction;)Ljava/lang/Object; java.base@9.0.4 (0 bytes) @ 0x000002bb9762c132 [0x000002bb9762c0e0+0x0000000000000052]
j  java.awt.WaitDispatchSupport.enter()Z+260 java.desktop@9.0.4
j  java.awt.Dialog.show()V+225 java.desktop@9.0.4
J 7122 c1 java.awt.Component.setVisible(Z)V java.desktop@9.0.4 (6 bytes) @ 0x000002bb90f9414c [0x000002bb90f93f60+0x00000000000001ec]
j  java.awt.Window.setVisible(Z)V+2 java.desktop@9.0.4
j  java.awt.Dialog.setVisible(Z)V+2 java.desktop@9.0.4
j  ui.b.c.g.setVisible(Z)V+2
j  ui.b.c.bB.showDialog()V+64
j  ui.b.c.bI.actionPerformed(Ljava/awt/event/ActionEvent;)V+8
j  ui.b.c.bB.cSz()V+396
j  ui.views.c.t.b.a.run()V+60
j  ui.frmwork.a.epE()Z+66
j  ui.frmwork.Y.erq()V+42
j  ui.bm.actionPerformed(Ljava/awt/event/ActionEvent;)V+25
j  javax.swing.AbstractButton.fireActionPerformed(Ljava/awt/event/ActionEvent;)V+84 java.desktop@9.0.4
j  ui.utils.p.b.E.fireActionPerformed(Ljava/awt/event/ActionEvent;)V+7
j  javax.swing.AbstractButton$Handler.actionPerformed(Ljava/awt/event/ActionEvent;)V+5 java.desktop@9.0.4
j  javax.swing.DefaultButtonModel.fireActionPerformed(Ljava/awt/event/ActionEvent;)V+34 java.desktop@9.0.4
j  javax.swing.DefaultButtonModel.setPressed(Z)V+117 java.desktop@9.0.4
j  javax.swing.plaf.basic.BasicButtonListener.mouseReleased(Ljava/awt/event/MouseEvent;)V+35 java.desktop@9.0.4
j  com.jidesoft.plaf.basic.BasicJideButtonListener.mouseReleased(Ljava/awt/event/MouseEvent;)V+61
J 19440 c1 java.awt.AWTEventMulticaster.mouseReleased(Ljava/awt/event/MouseEvent;)V java.desktop@9.0.4 (27 bytes) @ 0x000002bb9039e78c [0x000002bb9039e580+0x000000000000020c]
J 19440 c1 java.awt.AWTEventMulticaster.mouseReleased(Ljava/awt/event/MouseEvent;)V java.desktop@9.0.4 (27 bytes) @ 0x000002bb9039e78c [0x000002bb9039e580+0x000000000000020c]
J 19440 c1 java.awt.AWTEventMulticaster.mouseReleased(Ljava/awt/event/MouseEvent;)V java.desktop@9.0.4 (27 bytes) @ 0x000002bb9039e78c [0x000002bb9039e580+0x000000000000020c]
J 19440 c1 java.awt.AWTEventMulticaster.mouseReleased(Ljava/awt/event/MouseEvent;)V java.desktop@9.0.4 (27 bytes) @ 0x000002bb9039e78c [0x000002bb9039e580+0x000000000000020c]
J 15963 c1 java.awt.Component.processMouseEvent(Ljava/awt/event/MouseEvent;)V java.desktop@9.0.4 (100 bytes) @ 0x000002bb9211eeb4 [0x000002bb9211eb20+0x0000000000000394]
J 15966 c1 javax.swing.JComponent.processMouseEvent(Ljava/awt/event/MouseEvent;)V java.desktop@9.0.4 (27 bytes) @ 0x000002bb9212166c [0x000002bb92121460+0x000000000000020c]
J 21470 c2 java.awt.Container.processEvent(Ljava/awt/AWTEvent;)V java.desktop@9.0.4 (22 bytes) @ 0x000002bb989c237c [0x000002bb989c2260+0x000000000000011c]
J 22091 c1 java.awt.Component.dispatchEventImpl(Ljava/awt/AWTEvent;)V java.desktop@9.0.4 (739 bytes) @ 0x000002bb91042e0c [0x000002bb9103f1a0+0x0000000000003c6c]
J 19710 c2 java.awt.Container.dispatchEventImpl(Ljava/awt/AWTEvent;)V java.desktop@9.0.4 (129 bytes) @ 0x000002bb984b9e48 [0x000002bb984b9ce0+0x0000000000000168]
J 13463 c2 java.awt.LightweightDispatcher.retargetMouseEvent(Ljava/awt/Component;ILjava/awt/event/MouseEvent;)V java.desktop@9.0.4 (350 bytes) @ 0x000002bb97995900 [0x000002bb97995360+0x00000000000005a0]
J 18240 c2 java.awt.LightweightDispatcher.processMouseEvent(Ljava/awt/event/MouseEvent;)Z java.desktop@9.0.4 (265 bytes) @ 0x000002bb985f7800 [0x000002bb985f7040+0x00000000000007c0]
J 19710 c2 java.awt.Container.dispatchEventImpl(Ljava/awt/AWTEvent;)V java.desktop@9.0.4 (129 bytes) @ 0x000002bb984b9d98 [0x000002bb984b9ce0+0x00000000000000b8]
J 18132 c2 java.awt.Window.dispatchEventImpl(Ljava/awt/AWTEvent;)V java.desktop@9.0.4 (23 bytes) @ 0x000002bb9802bf0c [0x000002bb9802bec0+0x000000000000004c]
J 14823 c2 java.awt.EventQueue$3.run()Ljava/lang/Object; java.desktop@9.0.4 (5 bytes) @ 0x000002bb981d09bc [0x000002bb981d0800+0x00000000000001bc]
v  ~StubRoutines::call_stub
J 3889  java.security.AccessController.doPrivileged(Ljava/security/PrivilegedAction;Ljava/security/AccessControlContext;)Ljava/lang/Object; java.base@9.0.4 (0 bytes) @ 0x000002bb97818f46 [0x000002bb97818ee0+0x0000000000000066]
J 17390 c2 java.awt.EventQueue$4.run()Ljava/lang/Object; java.desktop@9.0.4 (5 bytes) @ 0x000002bb9856ebc0 [0x000002bb9856e960+0x0000000000000260]
v  ~StubRoutines::call_stub
J 3889  java.security.AccessController.doPrivileged(Ljava/security/PrivilegedAction;Ljava/security/AccessControlContext;)Ljava/lang/Object; java.base@9.0.4 (0 bytes) @ 0x000002bb97818f46 [0x000002bb97818ee0+0x0000000000000066]
J 13991 c2 java.awt.EventQueue.dispatchEvent(Ljava/awt/AWTEvent;)V java.desktop@9.0.4 (80 bytes) @ 0x000002bb97c87940 [0x000002bb97c875c0+0x0000000000000380]
J 21510 c2 ui.frmwork.b.d.dispatchEvent(Ljava/awt/AWTEvent;)V (34 bytes) @ 0x000002bb989efbe0 [0x000002bb989efb00+0x00000000000000e0]
J 13992 c2 java.awt.EventDispatchThread.pumpOneEventForFilters(I)V java.desktop@9.0.4 (218 bytes) @ 0x000002bb97d426a4 [0x000002bb97d41500+0x00000000000011a4]
J 21458% c2 java.awt.EventDispatchThread.pumpEventsForFilter(ILjava/awt/Conditional;Ljava/awt/EventFilter;)V java.desktop@9.0.4 (47 bytes) @ 0x000002bb989bac78 [0x000002bb989bab60+0x0000000000000118]
j  java.awt.EventDispatchThread.pumpEventsForHierarchy(ILjava/awt/Conditional;Ljava/awt/Component;)V+11 java.desktop@9.0.4
j  java.awt.EventDispatchThread.pumpEvents(ILjava/awt/Conditional;)V+4 java.desktop@9.0.4
j  java.awt.EventDispatchThread.pumpEvents(Ljava/awt/Conditional;)V+3 java.desktop@9.0.4
j  java.awt.EventDispatchThread.run()V+9 java.desktop@9.0.4
v  ~StubRoutines::call_stub

siginfo: EXCEPTION_ACCESS_VIOLATION (0xc0000005), reading address 0x0000000000000044


Register to memory mapping:

RIP=0x00007ffde9731b49 is an unknown value
RAX=0x000002bbcb556f00 is an unknown value
RBX=0x000002bbc2ebaaa0 is an unknown value
RCX=0x0000000000000000 is an unknown value
RDX=0x000002bb87f2ee70 is an unknown value
RSP=0x000000e5e2df4610 is pointing into the stack for thread: 0x000002bbaaa74800
RBP=0x000000e5e2df47b0 is pointing into the stack for thread: 0x000002bbaaa74800
RSI=0x0000000000000000 is an unknown value
RDI=0x000000e5e2df4770 is pointing into the stack for thread: 0x000002bbaaa74800
R8 =0x000000e5e2df46b0 is pointing into the stack for thread: 0x000002bbaaa74800
R9 =0x0000000000000018 is an unknown value
R10=0x0000000000000040 is an unknown value
R11=0x0c00080000000000 is an unknown value
R12=0x000002bbcb74ceb0 is an unknown value
R13=0x0000000000000001 is an unknown value
R14=0x000002bb87f2ee70 is an unknown value
R15=0x000000e5e2df46b0 is pointing into the stack for thread: 0x000002bbaaa74800


Registers:
RAX=0x000002bbcb556f00, RBX=0x000002bbc2ebaaa0, RCX=0x0000000000000000, RDX=0x000002bb87f2ee70
RSP=0x000000e5e2df4610, RBP=0x000000e5e2df47b0, RSI=0x0000000000000000, RDI=0x000000e5e2df4770
R8 =0x000000e5e2df46b0, R9 =0x0000000000000018, R10=0x0000000000000040, R11=0x0c00080000000000
R12=0x000002bbcb74ceb0, R13=0x0000000000000001, R14=0x000002bb87f2ee70, R15=0x000000e5e2df46b0
RIP=0x00007ffde9731b49, EFLAGS=0x0000000000010202

Top of Stack: (sp=0x000000e5e2df4610)
0x000000e5e2df4610:   000000e5e2df4d40 0000000000000000
0x000000e5e2df4620:   0000000000000000 000002bbcb74ceb0
0x000000e5e2df4630:   000002bbc2ebaaa0 0000000000000008
0x000000e5e2df4640:   fffffffffffffffe 00007ffe59741b06
0x000000e5e2df4650:   0000000000000000 00000000000004f8
0x000000e5e2df4660:   000000e5e2df4d40 0000000000001000
0x000000e5e2df4670:   000000e5e2df4770 00007ffde9745827
0x000000e5e2df4680:   00000000000004f8 000002bbc2ebaaa0
0x000000e5e2df4690:   000002bbcb556f00 000002bbced91178
0x000000e5e2df46a0:   000002bbc2ebaaa0 00007ffde9745532
0x000000e5e2df46b0:   000002bbc2ebaaa0 000002bbced91150
0x000000e5e2df46c0:   0000000000000008 000002bbced91150
0x000000e5e2df46d0:   000002bbced91150 0000000000000000
0x000000e5e2df46e0:   0000000000000001 000002bbcb74ceb0
0x000000e5e2df46f0:   000002bbaa7531b1 000002bbced91100
0x000000e5e2df4700:   0000000000000001 000002bb00000000 

Instructions: (pc=0x00007ffde9731b49)
0x00007ffde9731b29:   50 48 c7 44 24 30 fe ff ff ff 48 89 5c 24 78 48
0x00007ffde9731b39:   89 b4 24 80 00 00 00 4d 8b f8 4c 8b f2 48 8b f1
0x00007ffde9731b49:   83 79 44 00 75 07 33 c0 e9 da 00 00 00 33 db 39
0x00007ffde9731b59:   59 44 75 04 8b c3 eb 06 48 8b 41 48 8b 00 8b d0 



---------------  P R O C E S S  ---------------

Java Threads: ( => current thread )
  0x000002bb83a1b000 JavaThread "Relaunch Simulation Thread" [_thread_blocked, id=7032, stack(0x000000e5e8300000,0x000000e5e8800000)]
  0x000002bb88c4b800 JavaThread "Monitor File Timestamp Swing Worker Thread" [_thread_blocked, id=17380, stack(0x000000e5e7e00000,0x000000e5e8300000)]
  0x000002bb88c4a800 JavaThread "Timer-3" [_thread_blocked, id=26420, stack(0x000000e5e7900000,0x000000e5e7e00000)]
  0x000002bb88c42800 JavaThread "Monitor File Timestamp Swing Worker Thread" [_thread_blocked, id=1860, stack(0x000000e5e7400000,0x000000e5e7900000)]
  0x000002bb88c49000 JavaThread "Timer-2" [_thread_blocked, id=32684, stack(0x000000e5e6f00000,0x000000e5e7400000)]
  0x000002bb88c3d800 JavaThread "Image Animator 3" daemon [_thread_blocked, id=11844, stack(0x000000e5e6500000,0x000000e5e6a00000)]
  0x000002bb88c3e800 JavaThread "ForkJoinPool.commonPool-worker-25" daemon [_thread_blocked, id=37596, stack(0x000000e5e6a00000,0x000000e5e6f00000)]
  0x000002bb88c45800 JavaThread "SyntheticaAnimation 50" daemon [_thread_blocked, id=32204, stack(0x000000e5e4200000,0x000000e5e4700000)]
  0x000002bb88c3f000 JavaThread "Update Runs Swing Worker Thread" [_thread_blocked, id=37620, stack(0x000000e5e6000000,0x000000e5e6500000)]
  0x000002bb88c40000 JavaThread "hw_ila_monitor" [_thread_blocked, id=38376, stack(0x000000e5e5100000,0x000000e5e5600000)]
  0x000002bb88c3d000 JavaThread "Refresh Filesets Swing Worker Thread" [_thread_blocked, id=14792, stack(0x000000e5e4c00000,0x000000e5e5100000)]
  0x000002bb88c43000 JavaThread "SyntheticaAnimation 70" daemon [_thread_blocked, id=11752, stack(0x000000e5e4700000,0x000000e5e4c00000)]
  0x000002bb88c40800 JavaThread "SyntheticaAnimation 25" daemon [_thread_blocked, id=38104, stack(0x000000e5e1a00000,0x000000e5e1f00000)]
  0x000002bb88c44000 JavaThread "SyntheticaAnimation 50" daemon [_thread_blocked, id=32452, stack(0x000000e5e3d00000,0x000000e5e4200000)]
  0x000002bb88c41800 JavaThread "Monitor HEventQueue Thread" [_thread_blocked, id=9904, stack(0x000000e5e3800000,0x000000e5e3d00000)]
  0x000002bb83a1b800 JavaThread "SyntheticaCleanerThread" daemon [_thread_blocked, id=6248, stack(0x000000e5e3300000,0x000000e5e3800000)]
  0x000002bb83a1a000 JavaThread "Batik CleanerThread" daemon [_thread_blocked, id=30660, stack(0x000000e5e0b00000,0x000000e5e1000000)]
=>0x000002bbaaa74800 JavaThread "AWT-EventQueue-1" [_thread_in_native, id=27908, stack(0x000000e5e2900000,0x000000e5e2e00000)]
  0x000002bb88e22000 JavaThread "AWT-Shutdown" [_thread_blocked, id=22408, stack(0x000000e5e2400000,0x000000e5e2900000)]
  0x000002bb88cb2800 JavaThread "Process Messages Thread" [_thread_blocked, id=20336, stack(0x000000e5e1f00000,0x000000e5e2400000)]
  0x000002bbaa5e5800 JavaThread "Thread-1" [_thread_in_native, id=5656, stack(0x000000e5dad00000,0x000000e5dc100000)]
  0x000002bb88e64800 JavaThread "TimerQueue" daemon [_thread_blocked, id=34136, stack(0x000000e5e1500000,0x000000e5e1a00000)]
  0x000002bb887b3800 JavaThread "AWT-Windows" daemon [_thread_in_native, id=38556, stack(0x000000e5e1000000,0x000000e5e1500000)]
  0x000002bb8820e800 JavaThread "Java2D Disposer" daemon [_thread_blocked, id=36788, stack(0x000000e5e0600000,0x000000e5e0b00000)]
  0x000002bb87537000 JavaThread "Service Thread" daemon [_thread_blocked, id=36292, stack(0x000000e5e0000000,0x000000e5e0500000)]
  0x000002bb83986800 JavaThread "Common-Cleaner" daemon [_thread_blocked, id=37436, stack(0x000000e5dfb00000,0x000000e5e0000000)]
  0x000002bb84d29000 JavaThread "Sweeper thread" daemon [_thread_blocked, id=35740, stack(0x000000e5df600000,0x000000e5dfb00000)]
  0x000002bb84d28000 JavaThread "C1 CompilerThread3" daemon [_thread_blocked, id=20332, stack(0x000000e5df500000,0x000000e5df600000)]
  0x000002bb87d92000 JavaThread "C2 CompilerThread2" daemon [_thread_blocked, id=23212, stack(0x000000e5df400000,0x000000e5df500000)]
  0x000002bb87d91800 JavaThread "C2 CompilerThread1" daemon [_thread_blocked, id=34700, stack(0x000000e5df300000,0x000000e5df400000)]
  0x000002bb87d90800 JavaThread "C2 CompilerThread0" daemon [_thread_blocked, id=37656, stack(0x000000e5df200000,0x000000e5df300000)]
  0x000002bb8674c800 JavaThread "Attach Listener" daemon [_thread_blocked, id=14076, stack(0x000000e5ded00000,0x000000e5df200000)]
  0x000002bb87d8e800 JavaThread "Signal Dispatcher" daemon [_thread_blocked, id=30952, stack(0x000000e5de800000,0x000000e5ded00000)]
  0x000002bb87d8c000 JavaThread "Finalizer" daemon [_thread_blocked, id=4256, stack(0x000000e5de300000,0x000000e5de800000)]
  0x000002bb87529000 JavaThread "Reference Handler" daemon [_thread_blocked, id=27892, stack(0x000000e5dde00000,0x000000e5de300000)]
  0x000002bb87cdc000 JavaThread "main" [_thread_blocked, id=15576, stack(0x000000e5dc300000,0x000000e5dc400000)]

Other Threads:
  0x000002bb87527800 VMThread "VM Thread" [stack: 0x000000e5ddd00000,0x000000e5dde00000] [id=6956]
  0x000002bb83ada800 WatcherThread [stack: 0x000000e5e0500000,0x000000e5e0600000] [id=38248]
  0x000002bb86b3a800 GCTaskThread "GC Thread#0" [stack: 0x000000e5dc400000,0x000000e5dc500000] [id=36680]
  0x000002bb86b3b000 GCTaskThread "GC Thread#1" [stack: 0x000000e5dc500000,0x000000e5dc600000] [id=27308]
  0x000002bb86dca800 GCTaskThread "GC Thread#2" [stack: 0x000000e5dc600000,0x000000e5dc700000] [id=10752]
  0x000002bb879eb800 GCTaskThread "GC Thread#3" [stack: 0x000000e5dc700000,0x000000e5dc800000] [id=25016]
  0x000002bb8654c800 GCTaskThread "GC Thread#4" [stack: 0x000000e5dc800000,0x000000e5dc900000] [id=29236]
  0x000002bb84397000 GCTaskThread "GC Thread#5" [stack: 0x000000e5dc900000,0x000000e5dca00000] [id=34316]
  0x000002bb86649000 GCTaskThread "GC Thread#6" [stack: 0x000000e5dca00000,0x000000e5dcb00000] [id=25888]
  0x000002bb86649800 GCTaskThread "GC Thread#7" [stack: 0x000000e5dcb00000,0x000000e5dcc00000] [id=36048]
  0x000002bb83ae5000 GCTaskThread "GC Thread#8" [stack: 0x000000e5dcc00000,0x000000e5dcd00000] [id=2700]
  0x000002bb83ae5800 GCTaskThread "GC Thread#9" [stack: 0x000000e5dcd00000,0x000000e5dce00000] [id=12984]
  0x000002bb86df4000 ConcurrentGCThread "G1 Main Marker" [stack: 0x000000e5dd900000,0x000000e5dda00000] [id=36844]
  0x000002bb86df4800 ConcurrentGCThread "G1 Marker#0" [stack: 0x000000e5dda00000,0x000000e5ddb00000] [id=27960]
  0x000002bb86aee800 ConcurrentGCThread "G1 Marker#1" [stack: 0x000000e5ddb00000,0x000000e5ddc00000] [id=28520]
  0x000002bb86aef000 ConcurrentGCThread "G1 Marker#2" [stack: 0x000000e5ddc00000,0x000000e5ddd00000] [id=31564]
  0x000002bb87a30800 ConcurrentGCThread "G1 Refine#0" [stack: 0x000000e5dd700000,0x000000e5dd800000] [id=28956]
  0x000002bb87c68800 ConcurrentGCThread "G1 Refine#1" [stack: 0x000000e5dd600000,0x000000e5dd700000] [id=18000]
  0x000002bb87c67800 ConcurrentGCThread "G1 Refine#2" [stack: 0x000000e5dd500000,0x000000e5dd600000] [id=37324]
  0x000002bb86dc7800 ConcurrentGCThread "G1 Refine#3" [stack: 0x000000e5dd400000,0x000000e5dd500000] [id=3928]
  0x000002bb86dc7000 ConcurrentGCThread "G1 Refine#4" [stack: 0x000000e5dd300000,0x000000e5dd400000] [id=26340]
  0x000002bb8438f800 ConcurrentGCThread "G1 Refine#5" [stack: 0x000000e5dd200000,0x000000e5dd300000] [id=1848]
  0x000002bb8438f000 ConcurrentGCThread "G1 Refine#6" [stack: 0x000000e5dd100000,0x000000e5dd200000] [id=33808]
  0x000002bb83830000 ConcurrentGCThread "G1 Refine#7" [stack: 0x000000e5dd000000,0x000000e5dd100000] [id=35268]
  0x000002bb82a2e800 ConcurrentGCThread "G1 Refine#8" [stack: 0x000000e5dcf00000,0x000000e5dd000000] [id=30304]
  0x000002bb82a2e000 ConcurrentGCThread "G1 Refine#9" [stack: 0x000000e5dce00000,0x000000e5dcf00000] [id=36644]
  0x000002bb87a31000 ConcurrentGCThread "G1 Young RemSet Sampling" [stack: 0x000000e5dd800000,0x000000e5dd900000] [id=33024]

Threads with active compile tasks:

VM state:not at safepoint (normal execution)

VM Mutex/Monitor currently owned by a thread: None

Heap address: 0x0000000700000000, size: 3072 MB, Compressed Oops mode: Zero based, Oop shift amount: 3
Narrow klass base: 0x0000000000000000, Narrow klass shift: 3
Compressed class space size: 1073741824 Address: 0x00000007c0000000

Heap:
 garbage-first heap   total 157696K, used 120402K [0x0000000700000000, 0x00000007001004d0, 0x00000007c0000000)
  region size 1024K, 44 young (45056K), 2 survivors (2048K)
 Metaspace       used 82464K, capacity 84889K, committed 90880K, reserved 1128448K
  class space    used 10820K, capacity 11327K, committed 12544K, reserved 1048576K
Heap Regions: E=young(eden), S=young(survivor), O=old, HS=humongous(starts), HC=humongous(continues), CS=collection set, F=free, A=archive, TS=gc time stamp, AC=allocation context, TAMS=top-at-mark-start (previous, next)
|   0|0x0000000700000000, 0x00000007000ffd60, 0x0000000700100000| 99%| O|  |TS  0|AC  0|TAMS 0x00000007000ffd60, 0x00000007000ffd60|
|   1|0x0000000700100000, 0x00000007001fba48, 0x0000000700200000| 98%| O|  |TS  0|AC  0|TAMS 0x00000007001fba48, 0x00000007001fba48|
|   2|0x0000000700200000, 0x00000007002f8b58, 0x0000000700300000| 97%| O|  |TS  0|AC  0|TAMS 0x00000007002f8b58, 0x00000007002f8b58|
|   3|0x0000000700300000, 0x00000007003f3538, 0x0000000700400000| 95%| O|  |TS  0|AC  0|TAMS 0x00000007003f3538, 0x00000007003f3538|
|   4|0x0000000700400000, 0x0000000700500000, 0x0000000700500000|100%|HS|  |TS  0|AC  0|TAMS 0x0000000700500000, 0x0000000700500000|
|   5|0x0000000700500000, 0x0000000700600000, 0x0000000700600000|100%|HC|  |TS  0|AC  0|TAMS 0x0000000700600000, 0x0000000700600000|
|   6|0x0000000700600000, 0x0000000700700000, 0x0000000700700000|100%|HS|  |TS  0|AC  0|TAMS 0x0000000700700000, 0x0000000700700000|
|   7|0x0000000700700000, 0x00000007007e13a8, 0x0000000700800000| 87%| O|  |TS  0|AC  0|TAMS 0x00000007007e13a8, 0x00000007007e13a8|
|   8|0x0000000700800000, 0x00000007008ffff0, 0x0000000700900000| 99%| O|  |TS  0|AC  0|TAMS 0x00000007008ffff0, 0x00000007008ffff0|
|   9|0x0000000700900000, 0x00000007009eae88, 0x0000000700a00000| 91%| O|  |TS  0|AC  0|TAMS 0x00000007009eae88, 0x00000007009eae88|
|  10|0x0000000700a00000, 0x0000000700affff0, 0x0000000700b00000| 99%| O|  |TS  0|AC  0|TAMS 0x0000000700affff0, 0x0000000700affff0|
|  11|0x0000000700b00000, 0x0000000700bffff8, 0x0000000700c00000| 99%| O|  |TS  0|AC  0|TAMS 0x0000000700bffff8, 0x0000000700bffff8|
|  12|0x0000000700c00000, 0x0000000700cffd68, 0x0000000700d00000| 99%| O|  |TS  0|AC  0|TAMS 0x0000000700cffd68, 0x0000000700cffd68|
|  13|0x0000000700d00000, 0x0000000700dfffe8, 0x0000000700e00000| 99%| O|  |TS  0|AC  0|TAMS 0x0000000700dfffe8, 0x0000000700dfffe8|
|  14|0x0000000700e00000, 0x0000000700ee1430, 0x0000000700f00000| 87%| O|  |TS  0|AC  0|TAMS 0x0000000700ee1430, 0x0000000700ee1430|
|  15|0x0000000700f00000, 0x0000000700fbd0b0, 0x0000000701000000| 73%| O|  |TS  0|AC  0|TAMS 0x0000000700fbd0b0, 0x0000000700fbd0b0|
|  16|0x0000000701000000, 0x00000007010dc6f8, 0x0000000701100000| 86%| O|  |TS  0|AC  0|TAMS 0x00000007010dc6f8, 0x00000007010dc6f8|
|  17|0x0000000701100000, 0x00000007011d95c8, 0x0000000701200000| 84%| O|  |TS  0|AC  0|TAMS 0x00000007011d95c8, 0x00000007011d95c8|
|  18|0x0000000701200000, 0x00000007012fffb8, 0x0000000701300000| 99%| O|  |TS  0|AC  0|TAMS 0x00000007012fffb8, 0x00000007012fffb8|
|  19|0x0000000701300000, 0x00000007013fff70, 0x0000000701400000| 99%| O|  |TS  0|AC  0|TAMS 0x00000007013fff70, 0x00000007013fff70|
|  20|0x0000000701400000, 0x00000007014fffd0, 0x0000000701500000| 99%| O|  |TS  0|AC  0|TAMS 0x00000007014fffd0, 0x00000007014fffd0|
|  21|0x0000000701500000, 0x00000007015ffec8, 0x0000000701600000| 99%| O|  |TS  0|AC  0|TAMS 0x00000007015ffec8, 0x00000007015ffec8|
|  22|0x0000000701600000, 0x0000000701700000, 0x0000000701700000|100%|HS|  |TS  0|AC  0|TAMS 0x0000000701700000, 0x0000000701700000|
|  23|0x0000000701700000, 0x00000007017fffe8, 0x0000000701800000| 99%| O|  |TS  0|AC  0|TAMS 0x00000007017fffe8, 0x00000007017fffe8|
|  24|0x0000000701800000, 0x00000007018ffff0, 0x0000000701900000| 99%| O|  |TS  0|AC  0|TAMS 0x00000007018ffff0, 0x00000007018ffff0|
|  25|0x0000000701900000, 0x0000000701a00000, 0x0000000701a00000|100%| O|  |TS  0|AC  0|TAMS 0x0000000701a00000, 0x0000000701a00000|
|  26|0x0000000701a00000, 0x0000000701afffd0, 0x0000000701b00000| 99%| O|  |TS  0|AC  0|TAMS 0x0000000701afffd0, 0x0000000701afffd0|
|  27|0x0000000701b00000, 0x0000000701bfffd0, 0x0000000701c00000| 99%| O|  |TS  0|AC  0|TAMS 0x0000000701bfffd0, 0x0000000701bfffd0|
|  28|0x0000000701c00000, 0x0000000701cffff8, 0x0000000701d00000| 99%| O|  |TS  0|AC  0|TAMS 0x0000000701cffff8, 0x0000000701cffff8|
|  29|0x0000000701d00000, 0x0000000701dfffe0, 0x0000000701e00000| 99%| O|  |TS  0|AC  0|TAMS 0x0000000701dfffe0, 0x0000000701dfffe0|
|  30|0x0000000701e00000, 0x0000000701efffe0, 0x0000000701f00000| 99%| O|  |TS  0|AC  0|TAMS 0x0000000701efffe0, 0x0000000701efffe0|
|  31|0x0000000701f00000, 0x0000000702000000, 0x0000000702000000|100%| O|  |TS  0|AC  0|TAMS 0x0000000702000000, 0x0000000702000000|
|  32|0x0000000702000000, 0x00000007020ffff0, 0x0000000702100000| 99%| O|  |TS  0|AC  0|TAMS 0x00000007020ffff0, 0x00000007020ffff0|
|  33|0x0000000702100000, 0x00000007021fff20, 0x0000000702200000| 99%| O|  |TS  0|AC  0|TAMS 0x00000007021fff20, 0x00000007021fff20|
|  34|0x0000000702200000, 0x00000007022ffff8, 0x0000000702300000| 99%| O|  |TS  0|AC  0|TAMS 0x00000007022ffff8, 0x00000007022ffff8|
|  35|0x0000000702300000, 0x00000007023ffff0, 0x0000000702400000| 99%| O|  |TS  0|AC  0|TAMS 0x00000007023ffff0, 0x00000007023ffff0|
|  36|0x0000000702400000, 0x00000007024ffff8, 0x0000000702500000| 99%| O|  |TS  0|AC  0|TAMS 0x00000007024ffff8, 0x00000007024ffff8|
|  37|0x0000000702500000, 0x0000000702600000, 0x0000000702600000|100%| O|  |TS  0|AC  0|TAMS 0x0000000702600000, 0x0000000702600000|
|  38|0x0000000702600000, 0x00000007026f03e0, 0x0000000702700000| 93%| O|  |TS  0|AC  0|TAMS 0x00000007026f03e0, 0x00000007026f03e0|
|  39|0x0000000702700000, 0x00000007027e0a10, 0x0000000702800000| 87%| O|  |TS  0|AC  0|TAMS 0x00000007027e0a10, 0x00000007027e0a10|
|  40|0x0000000702800000, 0x0000000702900000, 0x0000000702900000|100%| O|  |TS  0|AC  0|TAMS 0x0000000702900000, 0x0000000702900000|
|  41|0x0000000702900000, 0x00000007029ffff8, 0x0000000702a00000| 99%| O|  |TS  0|AC  0|TAMS 0x00000007029ffff8, 0x00000007029ffff8|
|  42|0x0000000702a00000, 0x0000000702affff0, 0x0000000702b00000| 99%| O|  |TS  0|AC  0|TAMS 0x0000000702affff0, 0x0000000702affff0|
|  43|0x0000000702b00000, 0x0000000702bfffe8, 0x0000000702c00000| 99%| O|  |TS  0|AC  0|TAMS 0x0000000702bfffe8, 0x0000000702bfffe8|
|  44|0x0000000702c00000, 0x0000000702d00000, 0x0000000702d00000|100%| O|  |TS  0|AC  0|TAMS 0x0000000702d00000, 0x0000000702d00000|
|  45|0x0000000702d00000, 0x0000000702dfffc0, 0x0000000702e00000| 99%| O|  |TS  0|AC  0|TAMS 0x0000000702dfffc0, 0x0000000702dfffc0|
|  46|0x0000000702e00000, 0x0000000702effff0, 0x0000000702f00000| 99%| O|  |TS  0|AC  0|TAMS 0x0000000702effff0, 0x0000000702effff0|
|  47|0x0000000702f00000, 0x0000000703000000, 0x0000000703000000|100%|HS|  |TS  0|AC  0|TAMS 0x0000000703000000, 0x0000000703000000|
|  48|0x0000000703000000, 0x0000000703100000, 0x0000000703100000|100%|HC|  |TS  0|AC  0|TAMS 0x0000000703100000, 0x0000000703100000|
|  49|0x0000000703100000, 0x0000000703200000, 0x0000000703200000|100%|HC|  |TS  0|AC  0|TAMS 0x0000000703200000, 0x0000000703200000|
|  50|0x0000000703200000, 0x0000000703300000, 0x0000000703300000|100%|HC|  |TS  0|AC  0|TAMS 0x0000000703300000, 0x0000000703300000|
|  51|0x0000000703300000, 0x0000000703400000, 0x0000000703400000|100%|HC|  |TS  0|AC  0|TAMS 0x0000000703400000, 0x0000000703400000|
|  52|0x0000000703400000, 0x0000000703500000, 0x0000000703500000|100%|HC|  |TS  0|AC  0|TAMS 0x0000000703500000, 0x0000000703500000|
|  53|0x0000000703500000, 0x0000000703600000, 0x0000000703600000|100%|HC|  |TS  0|AC  0|TAMS 0x0000000703600000, 0x0000000703600000|
|  54|0x0000000703600000, 0x0000000703700000, 0x0000000703700000|100%|HC|  |TS  0|AC  0|TAMS 0x0000000703700000, 0x0000000703700000|
|  55|0x0000000703700000, 0x00000007037fffa8, 0x0000000703800000| 99%| O|  |TS  0|AC  0|TAMS 0x00000007037fffa8, 0x00000007037fffa8|
|  56|0x0000000703800000, 0x00000007038fffe8, 0x0000000703900000| 99%| O|  |TS  0|AC  0|TAMS 0x00000007038fffe8, 0x00000007038fffe8|
|  57|0x0000000703900000, 0x00000007039fff60, 0x0000000703a00000| 99%| O|  |TS  0|AC  0|TAMS 0x00000007039fff60, 0x00000007039fff60|
|  58|0x0000000703a00000, 0x0000000703affff8, 0x0000000703b00000| 99%| O|  |TS  0|AC  0|TAMS 0x0000000703affff8, 0x0000000703affff8|
|  59|0x0000000703b00000, 0x0000000703bffff8, 0x0000000703c00000| 99%| O|  |TS  0|AC  0|TAMS 0x0000000703bffff8, 0x0000000703bffff8|
|  60|0x0000000703c00000, 0x0000000703d00000, 0x0000000703d00000|100%| O|  |TS  0|AC  0|TAMS 0x0000000703d00000, 0x0000000703d00000|
|  61|0x0000000703d00000, 0x0000000703dfffa8, 0x0000000703e00000| 99%| O|  |TS  0|AC  0|TAMS 0x0000000703dfffa8, 0x0000000703dfffa8|
|  62|0x0000000703e00000, 0x0000000703efffe8, 0x0000000703f00000| 99%| O|  |TS  0|AC  0|TAMS 0x0000000703efffe8, 0x0000000703efffe8|
|  63|0x0000000703f00000, 0x0000000704000000, 0x0000000704000000|100%| O|  |TS  0|AC  0|TAMS 0x0000000704000000, 0x0000000704000000|
|  64|0x0000000704000000, 0x00000007040fffe0, 0x0000000704100000| 99%| O|  |TS  0|AC  0|TAMS 0x00000007040fffe0, 0x00000007040fffe0|
|  65|0x0000000704100000, 0x00000007041ffff0, 0x0000000704200000| 99%| O|  |TS  0|AC  0|TAMS 0x00000007041ffff0, 0x00000007041ffff0|
|  66|0x0000000704200000, 0x00000007042ffff8, 0x0000000704300000| 99%| O|  |TS  0|AC  0|TAMS 0x00000007042ffff8, 0x00000007042ffff8|
|  67|0x0000000704300000, 0x00000007043fffe8, 0x0000000704400000| 99%| O|  |TS  0|AC  0|TAMS 0x00000007043fffe8, 0x00000007043fffe8|
|  68|0x0000000704400000, 0x0000000704500000, 0x0000000704500000|100%| O|  |TS  0|AC  0|TAMS 0x0000000704500000, 0x0000000704500000|
|  69|0x0000000704500000, 0x0000000704517d48, 0x0000000704600000|  9%| O|  |TS  0|AC  0|TAMS 0x0000000704517d48, 0x0000000704517d48|
|  70|0x0000000704600000, 0x0000000704700000, 0x0000000704700000|100%|HS|  |TS  0|AC  0|TAMS 0x0000000704700000, 0x0000000704700000|
|  71|0x0000000704700000, 0x0000000704800000, 0x0000000704800000|100%|HC|  |TS  0|AC  0|TAMS 0x0000000704800000, 0x0000000704800000|
|  72|0x0000000704800000, 0x0000000704900000, 0x0000000704900000|100%|HC|  |TS  0|AC  0|TAMS 0x0000000704900000, 0x0000000704900000|
|  73|0x0000000704900000, 0x0000000704a00000, 0x0000000704a00000|100%|HC|  |TS  0|AC  0|TAMS 0x0000000704a00000, 0x0000000704a00000|
|  74|0x0000000704a00000, 0x0000000704b00000, 0x0000000704b00000|100%| O|  |TS  0|AC  0|TAMS 0x0000000704b00000, 0x0000000704b00000|
|  75|0x0000000704b00000, 0x0000000704b59000, 0x0000000704c00000| 34%| O|  |TS  1|AC  0|TAMS 0x0000000704b56e00, 0x0000000704b56e00|
|  76|0x0000000704c00000, 0x0000000704c00000, 0x0000000704d00000|  0%| F|  |TS  0|AC  0|TAMS 0x0000000704c00000, 0x0000000704c00000|
|  77|0x0000000704d00000, 0x0000000704e00000, 0x0000000704e00000|100%|HS|  |TS  0|AC  0|TAMS 0x0000000704e00000, 0x0000000704e00000|
|  78|0x0000000704e00000, 0x0000000704f00000, 0x0000000704f00000|100%|HC|  |TS  0|AC  0|TAMS 0x0000000704f00000, 0x0000000704f00000|
|  79|0x0000000704f00000, 0x0000000704f00000, 0x0000000705000000|  0%| F|  |TS  0|AC  0|TAMS 0x0000000704f00000, 0x0000000704f00000|
|  80|0x0000000705000000, 0x0000000705000000, 0x0000000705100000|  0%| F|  |TS  0|AC  0|TAMS 0x0000000705000000, 0x0000000705000000|
|  81|0x0000000705100000, 0x0000000705100000, 0x0000000705200000|  0%| F|  |TS  0|AC  0|TAMS 0x0000000705100000, 0x0000000705100000|
|  82|0x0000000705200000, 0x0000000705200000, 0x0000000705300000|  0%| F|  |TS  0|AC  0|TAMS 0x0000000705200000, 0x0000000705200000|
|  83|0x0000000705300000, 0x0000000705300000, 0x0000000705400000|  0%| F|  |TS  0|AC  0|TAMS 0x0000000705300000, 0x0000000705300000|
|  84|0x0000000705400000, 0x0000000705400000, 0x0000000705500000|  0%| F|  |TS  0|AC  0|TAMS 0x0000000705400000, 0x0000000705400000|
|  85|0x0000000705500000, 0x0000000705500000, 0x0000000705600000|  0%| F|  |TS  0|AC  0|TAMS 0x0000000705500000, 0x0000000705500000|
|  86|0x0000000705600000, 0x0000000705600000, 0x0000000705700000|  0%| F|  |TS  0|AC  0|TAMS 0x0000000705600000, 0x0000000705600000|
|  87|0x0000000705700000, 0x0000000705700000, 0x0000000705800000|  0%| F|  |TS  0|AC  0|TAMS 0x0000000705700000, 0x0000000705700000|
|  88|0x0000000705800000, 0x0000000705800000, 0x0000000705900000|  0%| F|  |TS  0|AC  0|TAMS 0x0000000705800000, 0x0000000705800000|
|  89|0x0000000705900000, 0x0000000705900000, 0x0000000705a00000|  0%| F|  |TS  0|AC  0|TAMS 0x0000000705900000, 0x0000000705900000|
|  90|0x0000000705a00000, 0x0000000705a00000, 0x0000000705b00000|  0%| F|  |TS  0|AC  0|TAMS 0x0000000705a00000, 0x0000000705a00000|
|  91|0x0000000705b00000, 0x0000000705b00000, 0x0000000705c00000|  0%| F|  |TS  0|AC  0|TAMS 0x0000000705b00000, 0x0000000705b00000|
|  92|0x0000000705c00000, 0x0000000705c4bd20, 0x0000000705d00000| 29%| S|CS|TS  1|AC  0|TAMS 0x0000000705c00000, 0x0000000705c00000|
|  93|0x0000000705d00000, 0x0000000705e00000, 0x0000000705e00000|100%| S|CS|TS  1|AC  0|TAMS 0x0000000705d00000, 0x0000000705d00000|
|  94|0x0000000705e00000, 0x0000000705e00000, 0x0000000705f00000|  0%| F|  |TS  1|AC  0|TAMS 0x0000000705e00000, 0x0000000705e00000|
|  95|0x0000000705f00000, 0x0000000705f00000, 0x0000000706000000|  0%| F|  |TS  1|AC  0|TAMS 0x0000000705f00000, 0x0000000705f00000|
|  96|0x0000000706000000, 0x0000000706000000, 0x0000000706100000|  0%| F|  |TS  1|AC  0|TAMS 0x0000000706000000, 0x0000000706000000|
|  97|0x0000000706100000, 0x0000000706100000, 0x0000000706200000|  0%| F|  |TS  1|AC  0|TAMS 0x0000000706100000, 0x0000000706100000|
|  98|0x0000000706200000, 0x0000000706200000, 0x0000000706300000|  0%| F|  |TS  1|AC  0|TAMS 0x0000000706200000, 0x0000000706200000|
|  99|0x0000000706300000, 0x0000000706300000, 0x0000000706400000|  0%| F|  |TS  1|AC  0|TAMS 0x0000000706300000, 0x0000000706300000|
| 100|0x0000000706400000, 0x0000000706400000, 0x0000000706500000|  0%| F|  |TS  1|AC  0|TAMS 0x0000000706400000, 0x0000000706400000|
| 101|0x0000000706500000, 0x0000000706500000, 0x0000000706600000|  0%| F|  |TS  1|AC  0|TAMS 0x0000000706500000, 0x0000000706500000|
| 102|0x0000000706600000, 0x0000000706600000, 0x0000000706700000|  0%| F|  |TS  1|AC  0|TAMS 0x0000000706600000, 0x0000000706600000|
| 103|0x0000000706700000, 0x0000000706700000, 0x0000000706800000|  0%| F|  |TS  1|AC  0|TAMS 0x0000000706700000, 0x0000000706700000|
| 104|0x0000000706800000, 0x0000000706800000, 0x0000000706900000|  0%| F|  |TS  1|AC  0|TAMS 0x0000000706800000, 0x0000000706800000|
| 105|0x0000000706900000, 0x0000000706900000, 0x0000000706a00000|  0%| F|  |TS  1|AC  0|TAMS 0x0000000706900000, 0x0000000706900000|
| 106|0x0000000706a00000, 0x0000000706a00000, 0x0000000706b00000|  0%| F|  |TS  1|AC  0|TAMS 0x0000000706a00000, 0x0000000706a00000|
| 107|0x0000000706b00000, 0x0000000706b00000, 0x0000000706c00000|  0%| F|  |TS  1|AC  0|TAMS 0x0000000706b00000, 0x0000000706b00000|
| 108|0x0000000706c00000, 0x0000000706c00000, 0x0000000706d00000|  0%| F|  |TS  1|AC  0|TAMS 0x0000000706c00000, 0x0000000706c00000|
| 109|0x0000000706d00000, 0x0000000706d00000, 0x0000000706e00000|  0%| F|  |TS  1|AC  0|TAMS 0x0000000706d00000, 0x0000000706d00000|
| 110|0x0000000706e00000, 0x0000000706e00000, 0x0000000706f00000|  0%| F|  |TS  1|AC  0|TAMS 0x0000000706e00000, 0x0000000706e00000|
| 111|0x0000000706f00000, 0x0000000706f00000, 0x0000000707000000|  0%| F|  |TS  1|AC  0|TAMS 0x0000000706f00000, 0x0000000706f00000|
| 112|0x0000000707000000, 0x000000070709bc30, 0x0000000707100000| 60%| E|  |TS  1|AC  0|TAMS 0x0000000707000000, 0x0000000707000000|
| 113|0x0000000707100000, 0x0000000707200000, 0x0000000707200000|100%| E|CS|TS  1|AC  0|TAMS 0x0000000707100000, 0x0000000707100000|
| 114|0x0000000707200000, 0x0000000707300000, 0x0000000707300000|100%| E|CS|TS  1|AC  0|TAMS 0x0000000707200000, 0x0000000707200000|
| 115|0x0000000707300000, 0x0000000707400000, 0x0000000707400000|100%| E|CS|TS  1|AC  0|TAMS 0x0000000707300000, 0x0000000707300000|
| 116|0x0000000707400000, 0x0000000707500000, 0x0000000707500000|100%| E|CS|TS  1|AC  0|TAMS 0x0000000707400000, 0x0000000707400000|
| 117|0x0000000707500000, 0x0000000707600000, 0x0000000707600000|100%| E|CS|TS  1|AC  0|TAMS 0x0000000707500000, 0x0000000707500000|
| 118|0x0000000707600000, 0x0000000707700000, 0x0000000707700000|100%| E|CS|TS  1|AC  0|TAMS 0x0000000707600000, 0x0000000707600000|
| 119|0x0000000707700000, 0x0000000707800000, 0x0000000707800000|100%| E|CS|TS  1|AC  0|TAMS 0x0000000707700000, 0x0000000707700000|
| 120|0x0000000707800000, 0x0000000707900000, 0x0000000707900000|100%| E|CS|TS  1|AC  0|TAMS 0x0000000707800000, 0x0000000707800000|
| 121|0x0000000707900000, 0x0000000707a00000, 0x0000000707a00000|100%| E|CS|TS  1|AC  0|TAMS 0x0000000707900000, 0x0000000707900000|
| 122|0x0000000707a00000, 0x0000000707b00000, 0x0000000707b00000|100%| E|CS|TS  1|AC  0|TAMS 0x0000000707a00000, 0x0000000707a00000|
| 123|0x0000000707b00000, 0x0000000707c00000, 0x0000000707c00000|100%| E|CS|TS  1|AC  0|TAMS 0x0000000707b00000, 0x0000000707b00000|
| 124|0x0000000707c00000, 0x0000000707d00000, 0x0000000707d00000|100%| E|CS|TS  1|AC  0|TAMS 0x0000000707c00000, 0x0000000707c00000|
| 125|0x0000000707d00000, 0x0000000707e00000, 0x0000000707e00000|100%| E|CS|TS  1|AC  0|TAMS 0x0000000707d00000, 0x0000000707d00000|
| 126|0x0000000707e00000, 0x0000000707f00000, 0x0000000707f00000|100%| E|CS|TS  1|AC  0|TAMS 0x0000000707e00000, 0x0000000707e00000|
| 127|0x0000000707f00000, 0x0000000708000000, 0x0000000708000000|100%| E|CS|TS  1|AC  0|TAMS 0x0000000707f00000, 0x0000000707f00000|
| 128|0x0000000708000000, 0x0000000708100000, 0x0000000708100000|100%| E|CS|TS  1|AC  0|TAMS 0x0000000708000000, 0x0000000708000000|
| 129|0x0000000708100000, 0x0000000708200000, 0x0000000708200000|100%| E|CS|TS  1|AC  0|TAMS 0x0000000708100000, 0x0000000708100000|
| 130|0x0000000708200000, 0x0000000708300000, 0x0000000708300000|100%| E|CS|TS  1|AC  0|TAMS 0x0000000708200000, 0x0000000708200000|
| 131|0x0000000708300000, 0x0000000708400000, 0x0000000708400000|100%| E|CS|TS  1|AC  0|TAMS 0x0000000708300000, 0x0000000708300000|
| 132|0x0000000708400000, 0x0000000708500000, 0x0000000708500000|100%| E|CS|TS  1|AC  0|TAMS 0x0000000708400000, 0x0000000708400000|
| 133|0x0000000708500000, 0x0000000708600000, 0x0000000708600000|100%| E|CS|TS  1|AC  0|TAMS 0x0000000708500000, 0x0000000708500000|
| 134|0x0000000708600000, 0x0000000708700000, 0x0000000708700000|100%| E|CS|TS  1|AC  0|TAMS 0x0000000708600000, 0x0000000708600000|
| 135|0x0000000708700000, 0x0000000708800000, 0x0000000708800000|100%| E|CS|TS  1|AC  0|TAMS 0x0000000708700000, 0x0000000708700000|
| 136|0x0000000708800000, 0x0000000708900000, 0x0000000708900000|100%| E|CS|TS  1|AC  0|TAMS 0x0000000708800000, 0x0000000708800000|
| 137|0x0000000708900000, 0x0000000708a00000, 0x0000000708a00000|100%| E|CS|TS  1|AC  0|TAMS 0x0000000708900000, 0x0000000708900000|
| 138|0x0000000708a00000, 0x0000000708b00000, 0x0000000708b00000|100%| E|CS|TS  1|AC  0|TAMS 0x0000000708a00000, 0x0000000708a00000|
| 139|0x0000000708b00000, 0x0000000708c00000, 0x0000000708c00000|100%| E|CS|TS  1|AC  0|TAMS 0x0000000708b00000, 0x0000000708b00000|
| 140|0x0000000708c00000, 0x0000000708d00000, 0x0000000708d00000|100%| E|CS|TS  1|AC  0|TAMS 0x0000000708c00000, 0x0000000708c00000|
| 141|0x0000000708d00000, 0x0000000708e00000, 0x0000000708e00000|100%| E|CS|TS  1|AC  0|TAMS 0x0000000708d00000, 0x0000000708d00000|
| 142|0x0000000708e00000, 0x0000000708f00000, 0x0000000708f00000|100%| E|CS|TS  1|AC  0|TAMS 0x0000000708e00000, 0x0000000708e00000|
| 143|0x0000000708f00000, 0x0000000709000000, 0x0000000709000000|100%| E|CS|TS  1|AC  0|TAMS 0x0000000708f00000, 0x0000000708f00000|
| 144|0x0000000709000000, 0x0000000709100000, 0x0000000709100000|100%| E|CS|TS  1|AC  0|TAMS 0x0000000709000000, 0x0000000709000000|
| 145|0x0000000709100000, 0x0000000709200000, 0x0000000709200000|100%| E|CS|TS  1|AC  0|TAMS 0x0000000709100000, 0x0000000709100000|
| 146|0x0000000709200000, 0x0000000709300000, 0x0000000709300000|100%| E|CS|TS  1|AC  0|TAMS 0x0000000709200000, 0x0000000709200000|
| 147|0x0000000709300000, 0x0000000709400000, 0x0000000709400000|100%| E|CS|TS  1|AC  0|TAMS 0x0000000709300000, 0x0000000709300000|
| 148|0x0000000709400000, 0x0000000709500000, 0x0000000709500000|100%| E|CS|TS  1|AC  0|TAMS 0x0000000709400000, 0x0000000709400000|
| 149|0x0000000709500000, 0x0000000709600000, 0x0000000709600000|100%| E|CS|TS  1|AC  0|TAMS 0x0000000709500000, 0x0000000709500000|
| 150|0x0000000709600000, 0x0000000709700000, 0x0000000709700000|100%| E|CS|TS  1|AC  0|TAMS 0x0000000709600000, 0x0000000709600000|
| 151|0x0000000709700000, 0x0000000709800000, 0x0000000709800000|100%| E|CS|TS  1|AC  0|TAMS 0x0000000709700000, 0x0000000709700000|
| 152|0x0000000709800000, 0x0000000709900000, 0x0000000709900000|100%| E|CS|TS  1|AC  0|TAMS 0x0000000709800000, 0x0000000709800000|
| 153|0x0000000709900000, 0x0000000709a00000, 0x0000000709a00000|100%| E|CS|TS  1|AC  0|TAMS 0x0000000709900000, 0x0000000709900000|

Card table byte_map: [0x000002bb9f6f0000,0x000002bb9fcf0000] byte_map_base: 0x000002bb9bef0000

Marking Bits (Prev, Next): (CMBitMap*) 0x000002bb87c94740, (CMBitMap*) 0x000002bb87c94778
 Prev Bits: [0x000002bba02f0000, 0x000002bba32f0000)
 Next Bits: [0x000002bba32f0000, 0x000002bba62f0000)

Polling page: 0x000002bb813e0000

CodeHeap 'non-profiled nmethods': size=120000Kb used=20309Kb max_used=20692Kb free=99690Kb
 bounds [0x000002bb975c0000, 0x000002bb98a20000, 0x000002bb9eaf0000]
CodeHeap 'profiled nmethods': size=120000Kb used=41743Kb max_used=44042Kb free=78256Kb
 bounds [0x000002bb90090000, 0x000002bb92bf0000, 0x000002bb975c0000]
CodeHeap 'non-nmethods': size=5760Kb used=1762Kb max_used=1820Kb free=3998Kb
 bounds [0x000002bb8faf0000, 0x000002bb8fd60000, 0x000002bb90090000]
 total_blobs=32324 nmethods=17131 adapters=1082
 compilation: enabled

Compilation events (10 events):
Event: 3751.685 Thread 0x000002bb84d28000 22332       3       javax.swing.text.FlowView::getViewIndexAtPosition (58 bytes)
Event: 3751.686 Thread 0x000002bb84d28000 nmethod 22332 0x000002bb916ef990 code [0x000002bb916efbc0, 0x000002bb916f0540]
Event: 3751.686 Thread 0x000002bb84d28000 22331       3       javax.swing.text.CompositeView::getViewAtPosition (40 bytes)
Event: 3751.686 Thread 0x000002bb84d28000 nmethod 22331 0x000002bb91483090 code [0x000002bb91483280, 0x000002bb914837e0]
Event: 3753.977 Thread 0x000002bb84d28000 22333       3       com.jidesoft.editor.CodeEditor::j (52 bytes)
Event: 3753.978 Thread 0x000002bb84d28000 nmethod 22333 0x000002bb9148b190 code [0x000002bb9148b380, 0x000002bb9148b978]
Event: 3754.272 Thread 0x000002bb84d28000 22334       3       ui.b.c.bB::zd (374 bytes)
Event: 3754.287 Thread 0x000002bb84d28000 nmethod 22334 0x000002bb923fef10 code [0x000002bb923ffc80, 0x000002bb9240a6a0]
Event: 3754.723 Thread 0x000002bb87d91800 22335       4       com.jidesoft.grid.TableModelWrapperImpl::getIndexChangeListeners (16 bytes)
Event: 3754.724 Thread 0x000002bb87d91800 nmethod 22335 0x000002bb98552c90 code [0x000002bb98552e40, 0x000002bb98552f08]

GC Heap History (10 events):
Event: 3741.869 GC heap before
{Heap before GC invocations=253 (full 15):
 garbage-first heap   total 157696K, used 137591K [0x0000000700000000, 0x00000007001004d0, 0x00000007c0000000)
  region size 1024K, 61 young (62464K), 2 survivors (2048K)
 Metaspace       used 82359K, capacity 84821K, committed 90880K, reserved 1128448K
  class space    used 10820K, capacity 11327K, committed 12544K, reserved 1048576K
}
Event: 3741.876 GC heap after
{Heap after GC invocations=254 (full 15):
 garbage-first heap   total 157696K, used 78601K [0x0000000700000000, 0x00000007001004d0, 0x00000007c0000000)
  region size 1024K, 2 young (2048K), 2 survivors (2048K)
 Metaspace       used 82359K, capacity 84821K, committed 90880K, reserved 1128448K
  class space    used 10820K, capacity 11327K, committed 12544K, reserved 1048576K
}
Event: 3743.750 GC heap before
{Heap before GC invocations=254 (full 15):
 garbage-first heap   total 157696K, used 137993K [0x0000000700000000, 0x00000007001004d0, 0x00000007c0000000)
  region size 1024K, 60 young (61440K), 2 survivors (2048K)
 Metaspace       used 82371K, capacity 84821K, committed 90880K, reserved 1128448K
  class space    used 10820K, capacity 11327K, committed 12544K, reserved 1048576K
}
Event: 3743.758 GC heap after
{Heap after GC invocations=255 (full 15):
 garbage-first heap   total 157696K, used 78343K [0x0000000700000000, 0x00000007001004d0, 0x00000007c0000000)
  region size 1024K, 2 young (2048K), 2 survivors (2048K)
 Metaspace       used 82371K, capacity 84821K, committed 90880K, reserved 1128448K
  class space    used 10820K, capacity 11327K, committed 12544K, reserved 1048576K
}
Event: 3745.724 GC heap before
{Heap before GC invocations=256 (full 15):
 garbage-first heap   total 157696K, used 137735K [0x0000000700000000, 0x00000007001004d0, 0x00000007c0000000)
  region size 1024K, 60 young (61440K), 2 survivors (2048K)
 Metaspace       used 82426K, capacity 84825K, committed 90880K, reserved 1128448K
  class space    used 10820K, capacity 11327K, committed 12544K, reserved 1048576K
}
Event: 3745.733 GC heap after
{Heap after GC invocations=257 (full 15):
 garbage-first heap   total 157696K, used 78983K [0x0000000700000000, 0x00000007001004d0, 0x00000007c0000000)
  region size 1024K, 2 young (2048K), 2 survivors (2048K)
 Metaspace       used 82426K, capacity 84825K, committed 90880K, reserved 1128448K
  class space    used 10820K, capacity 11327K, committed 12544K, reserved 1048576K
}
Event: 3747.241 GC heap before
{Heap before GC invocations=257 (full 15):
 garbage-first heap   total 157696K, used 138375K [0x0000000700000000, 0x00000007001004d0, 0x00000007c0000000)
  region size 1024K, 60 young (61440K), 2 survivors (2048K)
 Metaspace       used 82434K, capacity 84825K, committed 90880K, reserved 1128448K
  class space    used 10820K, capacity 11327K, committed 12544K, reserved 1048576K
}
Event: 3747.252 GC heap after
{Heap after GC invocations=258 (full 15):
 garbage-first heap   total 157696K, used 78442K [0x0000000700000000, 0x00000007001004d0, 0x00000007c0000000)
  region size 1024K, 2 young (2048K), 2 survivors (2048K)
 Metaspace       used 82434K, capacity 84825K, committed 90880K, reserved 1128448K
  class space    used 10820K, capacity 11327K, committed 12544K, reserved 1048576K
}
Event: 3747.880 GC heap before
{Heap before GC invocations=259 (full 15):
 garbage-first heap   total 157696K, used 137834K [0x0000000700000000, 0x00000007001004d0, 0x00000007c0000000)
  region size 1024K, 60 young (61440K), 2 survivors (2048K)
 Metaspace       used 82437K, capacity 84825K, committed 90880K, reserved 1128448K
  class space    used 10820K, capacity 11327K, committed 12544K, reserved 1048576K
}
Event: 3747.887 GC heap after
{Heap after GC invocations=260 (full 15):
 garbage-first heap   total 157696K, used 78418K [0x0000000700000000, 0x00000007001004d0, 0x00000007c0000000)
  region size 1024K, 2 young (2048K), 2 survivors (2048K)
 Metaspace       used 82437K, capacity 84825K, committed 90880K, reserved 1128448K
  class space    used 10820K, capacity 11327K, committed 12544K, reserved 1048576K
}

Deoptimization events (10 events):
Event: 3732.022 Thread 0x000002bbaaa74800 Uncommon trap: reason=class_check action=maybe_recompile pc=0x000002bb97b1bcac method=javax.swing.SwingUtilities.convertPointFromScreen(Ljava/awt/Point;Ljava/awt/Component;)V @ 29 c2
Event: 3732.022 Thread 0x000002bbaaa74800 Uncommon trap: reason=class_check action=maybe_recompile pc=0x000002bb98968bcc method=java.awt.Component.getLocationOnScreen_NoTreeLock()Ljava/awt/Point; @ 86 c2
Event: 3733.808 Thread 0x000002bbaaa74800 Uncommon trap: reason=uninitialized action=reinterpret pc=0x000002bb989c6be4 method=java.awt.Component.dispatchEventImpl(Ljava/awt/AWTEvent;)V @ 568 c2
Event: 3735.675 Thread 0x000002bbaaa74800 Uncommon trap: reason=unstable_if action=reinterpret pc=0x000002bb9899c6c8 method=ui.views.p.g.handleEvent(Lui/frmwork/b/a;)V @ 490 c2
Event: 3735.692 Thread 0x000002bbaaa74800 Uncommon trap: reason=array_check action=maybe_recompile pc=0x000002bb986aaddc method=javax.swing.SortingFocusTraversalPolicy.mergeSort([Ljava/lang/Object;[Ljava/lang/Object;IIILjava/util/Comparator;)V @ 76 c2
Event: 3735.692 Thread 0x000002bbaaa74800 Uncommon trap: reason=array_check action=maybe_recompile pc=0x000002bb986aaddc method=javax.swing.SortingFocusTraversalPolicy.mergeSort([Ljava/lang/Object;[Ljava/lang/Object;IIILjava/util/Comparator;)V @ 76 c2
Event: 3735.692 Thread 0x000002bbaaa74800 Uncommon trap: reason=array_check action=maybe_recompile pc=0x000002bb986aaa84 method=javax.swing.SortingFocusTraversalPolicy.mergeSort([Ljava/lang/Object;[Ljava/lang/Object;IIILjava/util/Comparator;)V @ 237 c2
Event: 3741.525 Thread 0x000002bbaaa74800 Uncommon trap: reason=null_check action=make_not_entrant pc=0x000002bb97bf9754 method=java.lang.invoke.LambdaFormEditor.getInCache(Ljava/lang/invoke/LambdaFormEditor$Transform;)Ljava/lang/invoke/LambdaForm; @ 178 c2
Event: 3741.664 Thread 0x000002bbaaa74800 Uncommon trap: reason=unstable_if action=reinterpret pc=0x000002bb986762f4 method=javax.swing.JTree.getExpandedDescendants(Ljavax/swing/tree/TreePath;)Ljava/util/Enumeration; @ 74 c2
Event: 3741.664 Thread 0x000002bbaaa74800 Uncommon trap: reason=unstable_if action=reinterpret pc=0x000002bb9852974c method=javax.swing.JTree.isExpanded(Ljavax/swing/tree/TreePath;)Z @ 26 c2

Classes redefined (0 events):
No events

Internal exceptions (10 events):
Event: 895.199 Thread 0x000002bbaaa74800 Exception <a 'java/lang/NoSuchMethodError'{0x000000070628fd28}: java.lang.invoke.DelegatingMethodHandle$Holder.reinvoke_L(Ljava/lang/Object;Ljava/lang/Object;Ljava/lang/Object;Ljava/lang/Object;Ljava/lang/Object;III)Ljava/lang/Object;> (0x000000070628fd28
Event: 3659.006 Thread 0x000002bbaaa74800 Implicit null exception at 0x000002bb97b31090 to 0x000002bb97b33569
Event: 3661.018 Thread 0x000002bbaaa74800 Implicit null exception at 0x000002bb9782dbcc to 0x000002bb9782e4e5
Event: 3665.600 Thread 0x000002bbaaa74800 Exception <a 'java/lang/NoSuchMethodError'{0x0000000707da1130}: method resolution failed> (0x0000000707da1130) thrown at [t:/workspace/hotspot/src/share/vm/prims/methodHandles.cpp, line 1256]
Event: 3665.600 Thread 0x000002bbaaa74800 Exception <a 'java/lang/NoSuchMethodError'{0x0000000707da7198}: java.lang.invoke.DirectMethodHandle$Holder.invokeStatic(Ljava/lang/Object;Ljava/lang/Object;ILjava/lang/Object;I)Ljava/lang/Object;> (0x0000000707da7198) thrown at [t:/workspace/hotspot/src/s
Event: 3665.601 Thread 0x000002bbaaa74800 Exception <a 'java/lang/NoSuchMethodError'{0x0000000707daab48}: method resolution failed> (0x0000000707daab48) thrown at [t:/workspace/hotspot/src/share/vm/prims/methodHandles.cpp, line 1256]
Event: 3669.592 Thread 0x000002bbaaa74800 Implicit null exception at 0x000002bb982dbfb6 to 0x000002bb982dcad1
Event: 3717.002 Thread 0x000002bb88c45800 Implicit null exception at 0x000002bb989639a6 to 0x000002bb9896597d
Event: 3741.525 Thread 0x000002bbaaa74800 Implicit null exception at 0x000002bb97bf946f to 0x000002bb97bf9749
Event: 3741.530 Thread 0x000002bbaaa74800 Exception <a 'java/lang/NoSuchMethodError'{0x000000070958e280}: java.lang.invoke.DelegatingMethodHandle$Holder.reinvoke_L(Ljava/lang/Object;IIILjava/lang/Object;Ljava/lang/Object;I)Ljava/lang/Object;> (0x000000070958e280) thrown at [t:/workspace/hotspot/s

Events (10 events):
Event: 3752.632 Thread 0x000002bb83a19800 Thread exited: 0x000002bb83a19800
Event: 3752.674 Thread 0x000002bb83a19800 Thread added: 0x000002bb83a19800
Event: 3752.678 Thread 0x000002bb83a19800 Thread exited: 0x000002bb83a19800
Event: 3752.929 Executing VM operation: RevokeBias
Event: 3752.929 Executing VM operation: RevokeBias done
Event: 3752.929 Thread 0x000002bb83a18800 Thread exited: 0x000002bb83a18800
Event: 3753.676 Thread 0x000002bb83a18800 Thread added: 0x000002bb83a18800
Event: 3753.679 Thread 0x000002bb83a18800 Thread exited: 0x000002bb83a18800
Event: 3754.678 Thread 0x000002bb83a18800 Thread added: 0x000002bb83a18800
Event: 3754.683 Thread 0x000002bb83a18800 Thread exited: 0x000002bb83a18800


Dynamic libraries:
0x00007ff7f9540000 - 0x00007ff7f9570000 	C:\Xilinx\Vivado\2019.2\bin\unwrapped\win64.o\vivado.exe
0x00007ffe5bf70000 - 0x00007ffe5c187000 	C:\WINDOWS\SYSTEM32\ntdll.dll
0x00007ffe5b170000 - 0x00007ffe5b234000 	C:\WINDOWS\System32\KERNEL32.DLL
0x00007ffe59350000 - 0x00007ffe596f6000 	C:\WINDOWS\System32\KERNELBASE.dll
0x00007ffe59730000 - 0x00007ffe59841000 	C:\WINDOWS\System32\ucrtbase.dll
0x00007ffe3be00000 - 0x00007ffe3be8e000 	C:\WINDOWS\SYSTEM32\MSVCP140.dll
0x00007ffe53f50000 - 0x00007ffe53f64000 	C:\Xilinx\Vivado\2019.2\lib\win64.o\libboost_signals.dll
0x00007ffe3bde0000 - 0x00007ffe3bdfb000 	C:\WINDOWS\SYSTEM32\VCRUNTIME140.dll
0x00007ffe3bdd0000 - 0x00007ffe3bddc000 	C:\WINDOWS\SYSTEM32\VCRUNTIME140_1.dll
0x00007ffdd7140000 - 0x00007ffdd8083000 	C:\Xilinx\Vivado\2019.2\lib\win64.o\librdi_common.dll
0x00007ffe5b7d0000 - 0x00007ffe5b97e000 	C:\WINDOWS\System32\USER32.dll
0x00007ffe59c10000 - 0x00007ffe59c36000 	C:\WINDOWS\System32\win32u.dll
0x00007ffe5b980000 - 0x00007ffe5b9a9000 	C:\WINDOWS\System32\GDI32.dll
0x00007ffe59910000 - 0x00007ffe59a28000 	C:\WINDOWS\System32\gdi32full.dll
0x00007ffe592b0000 - 0x00007ffe5934a000 	C:\WINDOWS\System32\msvcp_win.dll
0x00007ffe59d50000 - 0x00007ffe59e03000 	C:\WINDOWS\System32\ADVAPI32.dll
0x00007ffe5b0c0000 - 0x00007ffe5b167000 	C:\WINDOWS\System32\msvcrt.dll
0x00007ffdd6d00000 - 0x00007ffdd706e000 	C:\Xilinx\Vivado\2019.2\lib\win64.o\libCOIN-all.dll
0x00007ffe5ba90000 - 0x00007ffe5bb38000 	C:\WINDOWS\System32\sechost.dll
0x00007ffe59700000 - 0x00007ffe59728000 	C:\WINDOWS\System32\bcrypt.dll
0x00007ffe59eb0000 - 0x00007ffe59fc7000 	C:\WINDOWS\System32\RPCRT4.dll
0x00007ffe5a210000 - 0x00007ffe5aa6b000 	C:\WINDOWS\System32\SHELL32.dll
0x00007ffe50420000 - 0x00007ffe50434000 	C:\Xilinx\Vivado\2019.2\lib\win64.o\libboost_date_time.dll
0x00007ffe41d50000 - 0x00007ffe41d76000 	C:\Xilinx\Vivado\2019.2\lib\win64.o\libboost_filesystem.dll
0x00007ffe41490000 - 0x00007ffe4150f000 	C:\Xilinx\Vivado\2019.2\lib\win64.o\libboost_program_options.dll
0x00007ffe2dc30000 - 0x00007ffe2dd44000 	C:\Xilinx\Vivado\2019.2\lib\win64.o\libboost_regex.dll
0x00007ffe54040000 - 0x00007ffe5404b000 	C:\Xilinx\Vivado\2019.2\lib\win64.o\libboost_system.dll
0x00007ffe417a0000 - 0x00007ffe417c1000 	C:\Xilinx\Vivado\2019.2\lib\win64.o\libboost_thread.dll
0x00007ffe45810000 - 0x00007ffe4581f000 	C:\Xilinx\Vivado\2019.2\lib\win64.o\libboost_xilinx.dll
0x00007ffe23fa0000 - 0x00007ffe24022000 	C:\Xilinx\Vivado\2019.2\lib\win64.o\libhdlpsolve.dll
0x00007ffe1d2d0000 - 0x00007ffe1d375000 	C:\Xilinx\Vivado\2019.2\lib\win64.o\libhdxml.dll
0x00007ffe416b0000 - 0x00007ffe416de000 	C:\Xilinx\Vivado\2019.2\lib\win64.o\libisl_sysinfo.dll
0x00007ffe5b040000 - 0x00007ffe5b0b1000 	C:\WINDOWS\System32\WS2_32.dll
0x00007ffe2eb50000 - 0x00007ffe2ebb5000 	C:\Xilinx\Vivado\2019.2\lib\win64.o\liblmx6.0.dll
0x00007ffe420d0000 - 0x00007ffe420ea000 	C:\Xilinx\Vivado\2019.2\lib\win64.o\pthreadVC2.dll
0x00007ffdd8db0000 - 0x00007ffdd8f51000 	C:\Xilinx\Vivado\2019.2\lib\win64.o\librdi_commonxillic.dll
0x00007ffe42070000 - 0x00007ffe4208c000 	C:\Xilinx\Vivado\2019.2\lib\win64.o\librdiconfig.dll
0x00007ffe3e9e0000 - 0x00007ffe3ea01000 	C:\Xilinx\Vivado\2019.2\lib\win64.o\librdizlib.dll
0x00007ffdd6100000 - 0x00007ffdd6cfc200 	C:\Xilinx\Vivado\2019.2\lib\win64.o\libisl_iostreams.dll
0x000000006c1c0000 - 0x000000006c2eb000 	C:\Xilinx\Vivado\2019.2\lib\win64.o\tcl85t.dll
0x0000000012000000 - 0x0000000012270000 	C:\Xilinx\Vivado\2019.2\lib\win64.o\xerces-c_3_1.dll
0x00007ffe3efe0000 - 0x00007ffe3eff9000 	C:\WINDOWS\SYSTEM32\NETAPI32.dll
0x00007ffe36b70000 - 0x00007ffe37064000 	C:\WINDOWS\SYSTEM32\WININET.dll
0x00007ffe50f20000 - 0x00007ffe51057000 	C:\WINDOWS\SYSTEM32\WINHTTP.dll
0x00007ffe3f510000 - 0x00007ffe3f700000 	C:\WINDOWS\SYSTEM32\urlmon.dll
0x00007ffe54270000 - 0x00007ffe54279000 	C:\WINDOWS\SYSTEM32\WSOCK32.dll
0x00007ffdd5260000 - 0x00007ffdd60f1000 	C:\Xilinx\Vivado\2019.2\lib\win64.o\gurobi65.dll
0x00007ffe347a0000 - 0x00007ffe347d1000 	C:\WINDOWS\SYSTEM32\VCOMP140.DLL
0x00007ffe45800000 - 0x00007ffe4580d000 	C:\Xilinx\Vivado\2019.2\lib\win64.o\libboost_chrono.dll
0x00007ffdd4f80000 - 0x00007ffdd525b000 	C:\Xilinx\Vivado\2019.2\lib\win64.o\libXil_lmgr11.dll
0x00007ffe5a110000 - 0x00007ffe5a209000 	C:\WINDOWS\System32\COMDLG32.dll
0x00007ffe41c60000 - 0x00007ffe41c7b000 	C:\Xilinx\Vivado\2019.2\lib\win64.o\libboost_iostreams.dll
0x00007ffe5bba0000 - 0x00007ffe5bf29000 	C:\WINDOWS\System32\combase.dll
0x00007ffe5a010000 - 0x00007ffe5a103000 	C:\WINDOWS\System32\shcore.dll
0x00007ffe5bb40000 - 0x00007ffe5bb9e000 	C:\WINDOWS\System32\SHLWAPI.dll
0x00007ffe3bff0000 - 0x00007ffe3c015000 	C:\Xilinx\Vivado\2019.2\lib\win64.o\libisl_iosutils.dll
0x00007ffe5af60000 - 0x00007ffe5b037000 	C:\WINDOWS\System32\OLEAUT32.dll
0x00007ffe5adc0000 - 0x00007ffe5af60000 	C:\WINDOWS\System32\ole32.dll
0x00007ffe59a30000 - 0x00007ffe59a9b000 	C:\WINDOWS\System32\WINTRUST.dll
0x00007ffe59aa0000 - 0x00007ffe59c06000 	C:\WINDOWS\System32\CRYPT32.dll
0x00007ffe3f220000 - 0x00007ffe3f4dc000 	C:\WINDOWS\SYSTEM32\iertutil.dll
0x00007ffe3f4e0000 - 0x00007ffe3f508000 	C:\WINDOWS\SYSTEM32\srvcli.dll
0x00007ffe57cf0000 - 0x00007ffe57cfc000 	C:\WINDOWS\SYSTEM32\netutils.dll
0x00007ffe34910000 - 0x00007ffe349c3000 	C:\WINDOWS\WinSxS\amd64_microsoft.windows.common-controls_6595b64144ccf1df_5.82.22621.2506_none_b43bab19638c9595\COMCTL32.dll
0x00007ffe50b30000 - 0x00007ffe50b4f000 	C:\WINDOWS\SYSTEM32\dhcpcsvc.DLL
0x00007ffe41470000 - 0x00007ffe41486000 	C:\Xilinx\Vivado\2019.2\lib\win64.o\librdi_commonmain.dll
0x00007ffe42950000 - 0x00007ffe4295a000 	C:\Xilinx\Vivado\2019.2\lib\win64.o\librdi_commonversion.dll
0x00007ffe59fd0000 - 0x00007ffe5a001000 	C:\WINDOWS\System32\IMM32.DLL
0x00007ffe58b50000 - 0x00007ffe58b62000 	C:\WINDOWS\SYSTEM32\MSASN1.dll
0x00007ffe583a0000 - 0x00007ffe583b8000 	C:\WINDOWS\SYSTEM32\kernel.appcore.dll
0x00007ffdd4a60000 - 0x00007ffdd4f77000 	C:\Xilinx\Vivado\2019.2\lib\win64.o\librdi_commontasks.dll
0x00007ffe4dee0000 - 0x00007ffe4deea000 	C:\WINDOWS\SYSTEM32\VERSION.dll
0x00007ffdd4770000 - 0x00007ffdd4a53000 	C:\Xilinx\Vivado\2019.2\lib\win64.o\librdi_sio.dll
0x00007ffe57de0000 - 0x00007ffe57e0d000 	C:\WINDOWS\SYSTEM32\IPHLPAPI.DLL
0x000000006b790000 - 0x000000006c1b5000 	C:\Xilinx\Vivado\2019.2\tps\win64\jre9.0.4\bin\server\jvm.dll
0x00007ffe5b770000 - 0x00007ffe5b778000 	C:\WINDOWS\System32\PSAPI.DLL
0x00007ffe4f710000 - 0x00007ffe4f744000 	C:\WINDOWS\SYSTEM32\WINMM.dll
0x00007ffdefe70000 - 0x00007ffdeff5f000 	C:\WINDOWS\SYSTEM32\MSVCR120.dll
0x00007ffe58820000 - 0x00007ffe58889000 	C:\WINDOWS\SYSTEM32\MSWSOCK.DLL
0x00007ffe571d0000 - 0x00007ffe57ac6000 	C:\WINDOWS\SYSTEM32\windows.storage.dll
0x00007ffe57090000 - 0x00007ffe571ce000 	C:\WINDOWS\SYSTEM32\wintypes.dll
0x00007ffdd2020000 - 0x00007ffdd4765000 	C:\Xilinx\Vivado\2019.2\lib\win64.o\librdi_tcltasks.dll
0x00007ffe2a9d0000 - 0x00007ffe2aa4b000 	C:\Xilinx\Vivado\2019.2\lib\win64.o\librdi_boarddep.dll
0x00007ffdd1ec0000 - 0x00007ffdd2012000 	C:\Xilinx\Vivado\2019.2\lib\win64.o\librdi_cd_client.dll
0x00007ffdd1d20000 - 0x00007ffdd1ebd000 	C:\Xilinx\Vivado\2019.2\lib\win64.o\librdi_board.dll
0x00007ffdd1860000 - 0x00007ffdd1d14000 	C:\Xilinx\Vivado\2019.2\lib\win64.o\librdi_bitstream.dll
0x00007ffdd16a0000 - 0x00007ffdd1860000 	C:\Xilinx\Vivado\2019.2\lib\win64.o\librdi_chipscopeimpl.dll
0x00007ffddb750000 - 0x00007ffddb83f000 	C:\Xilinx\Vivado\2019.2\lib\win64.o\librdi_chipscope.dll
0x00007ffdd1370000 - 0x00007ffdd1694000 	C:\Xilinx\Vivado\2019.2\lib\win64.o\librdi_containers.dll
0x00007ffd80c40000 - 0x00007ffd84f0b000 	C:\Xilinx\Vivado\2019.2\lib\win64.o\librdi_designutils.dll
0x00007ffd7f160000 - 0x00007ffd80c3a000 	C:\Xilinx\Vivado\2019.2\lib\win64.o\librdi_constraints.dll
0x00007ffdd1020000 - 0x00007ffdd136a000 	C:\Xilinx\Vivado\2019.2\lib\win64.o\librdi_dlyest.dll
0x00007ffdcdd20000 - 0x00007ffdce2ed000 	C:\Xilinx\Vivado\2019.2\lib\win64.o\librdi_drc.dll
0x00007ffde2150000 - 0x00007ffde2214000 	C:\Xilinx\Vivado\2019.2\lib\win64.o\librdi_dsp.dll
0x00007ffd7d170000 - 0x00007ffd7f160000 	C:\Xilinx\Vivado\2019.2\lib\win64.o\librdi_coregen.dll
0x00007ffdbf2f0000 - 0x00007ffdbf95b000 	C:\Xilinx\Vivado\2019.2\lib\win64.o\librdi_filemgmt.dll
0x00007ffd8e130000 - 0x00007ffd8e809000 	C:\Xilinx\Vivado\2019.2\lib\win64.o\librdi_coregenipxact.dll
0x00007ffdbfb80000 - 0x00007ffdbfe90000 	C:\Xilinx\Vivado\2019.2\lib\win64.o\librdi_guitools.dll
0x00007ffe276c0000 - 0x00007ffe2772a000 	C:\Xilinx\Vivado\2019.2\lib\win64.o\librdi_hdf.dll
0x00007ffdcfdf0000 - 0x00007ffdcff38000 	C:\Xilinx\Vivado\2019.2\lib\win64.o\librdi_hip_perf_analysis.dll
0x00007ffdceb20000 - 0x00007ffdced40000 	C:\Xilinx\Vivado\2019.2\lib\win64.o\librdi_hip_devdesign.dll
0x00007ffe18e10000 - 0x00007ffe18e84000 	C:\Xilinx\Vivado\2019.2\lib\win64.o\librdi_memoryarray.dll
0x00007ffd9e100000 - 0x00007ffd9e731000 	C:\Xilinx\Vivado\2019.2\lib\win64.o\librdi_memdata.dll
0x00007ffd685c0000 - 0x00007ffd7d16b000 	C:\Xilinx\Vivado\2019.2\lib\win64.o\librdi_device.dll
0x00007ffd66e50000 - 0x00007ffd685bd000 	C:\Xilinx\Vivado\2019.2\lib\win64.o\librdi_implflow.dll
0x00007ffe2fca0000 - 0x00007ffe2fcec000 	C:\Xilinx\Vivado\2019.2\lib\win64.o\librdi_pfi.dll
0x00007ffd8da40000 - 0x00007ffd8e123000 	C:\Xilinx\Vivado\2019.2\lib\win64.o\librdi_netlist.dll
0x00007ffd64080000 - 0x00007ffd66e4b000 	C:\Xilinx\Vivado\2019.2\lib\win64.o\librdi_mig.dll
0x00007ffd63870000 - 0x00007ffd6407b000 	C:\Xilinx\Vivado\2019.2\lib\win64.o\librdi_power.dll
0x00007ffdba650000 - 0x00007ffdba96b000 	C:\Xilinx\Vivado\2019.2\lib\win64.o\librdi_platform.dll
0x00007ffd88820000 - 0x00007ffd88dda000 	C:\Xilinx\Vivado\2019.2\lib\win64.o\librdi_project.dll
0x00007ffd60fa0000 - 0x00007ffd63867000 	C:\Xilinx\Vivado\2019.2\lib\win64.o\librdi_place.dll
0x00007ffd87510000 - 0x00007ffd87bd1000 	C:\Xilinx\Vivado\2019.2\lib\win64.o\librdi_rsb.dll
0x00007ffd60860000 - 0x00007ffd60f93000 	C:\Xilinx\Vivado\2019.2\lib\win64.o\librdi_psta.dll
0x00007ffdcf780000 - 0x00007ffdcf888000 	C:\Xilinx\Vivado\2019.2\lib\win64.o\librdi_runsbase.dll
0x00007ffdce4b0000 - 0x00007ffdce725000 	C:\Xilinx\Vivado\2019.2\lib\win64.o\librdi_simdata.dll
0x00007ffda88c0000 - 0x00007ffda8ce3000 	C:\Xilinx\Vivado\2019.2\lib\win64.o\librdi_runs.dll
0x00007ffdc1660000 - 0x00007ffdc1800000 	C:\Xilinx\Vivado\2019.2\lib\win64.o\librdi_cd_protocol.dll
0x00007ffdbf140000 - 0x00007ffdbf2e1000 	C:\Xilinx\Vivado\2019.2\lib\win64.o\librdi_advchipscopeimpl.dll
0x00007ffe2f9c0000 - 0x00007ffe2fa0c000 	C:\Xilinx\Vivado\2019.2\lib\win64.o\libboost_serialization.dll
0x00007ffd5f9d0000 - 0x00007ffd6085d000 	C:\Xilinx\Vivado\2019.2\lib\win64.o\librdi_timing.dll
0x00007ffe2e0e0000 - 0x00007ffe2e12a000 	C:\Xilinx\Vivado\2019.2\lib\win64.o\librdi_noc_frameworks.dll
0x00007ffdbc410000 - 0x00007ffdbc5f4000 	C:\Xilinx\Vivado\2019.2\lib\win64.o\librdi_hip_config.dll
0x00007ffd5f480000 - 0x00007ffd5f9ce000 	C:\Xilinx\Vivado\2019.2\lib\win64.o\librdi_xdm.dll
0x00007ffdd0f40000 - 0x00007ffdd1017000 	C:\Xilinx\Vivado\2019.2\lib\win64.o\librdi_ipconfig_readwrite.dll
0x00007ffe189e0000 - 0x00007ffe18a7e000 	C:\Xilinx\Vivado\2019.2\lib\win64.o\libise.dll
0x00007ffe2b780000 - 0x00007ffe2b7ca000 	C:\Xilinx\Vivado\2019.2\lib\win64.o\librdi_wavedata_SimpleApi.dll
0x00007ffd5ee60000 - 0x00007ffd5f47b000 	C:\Xilinx\Vivado\2019.2\lib\win64.o\librdi_wavedata.dll

VM Arguments:
jvm_args: -Dsun.java2d.pmoffscreen=false -Dsun.java2d.xrender=false -Dsun.java2d.d3d=false -Dsun.awt.nopixfmt=true -Dsun.java2d.dpiaware=true -Dsun.java2d.uiScale.enabled=false -Xverify:none -Dswing.aatext=true -XX:-UsePerfData -Djdk.map.althashing.threshold=512 -XX:StringTableSize=4072 --add-opens=java.base/java.nio=ALL-UNNAMED --add-opens=java.desktop/sun.swing=ALL-UNNAMED --add-opens=java.desktop/javax.swing=ALL-UNNAMED --add-opens=java.desktop/javax.swing.tree=ALL-UNNAMED --add-opens=java.desktop/javax.swing.plaf.basic=ALL-UNNAMED --add-opens=java.desktop/javax.swing.plaf.synth=ALL-UNNAMED --add-opens=java.desktop/com.sun.awt=ALL-UNNAMED -XX:NewSize=60m -XX:MaxNewSize=60m -Xms128m -Xmx3072m -Xss5m 
java_command: <unknown>
java_class_path (initial): C:/Xilinx/Vivado/2019.2\lib\classes\alloy.jar;C:/Xilinx/Vivado/2019.2\lib\classes\autoesl-common.jar;C:/Xilinx/Vivado/2019.2\lib\classes\autoesl-models.jar;C:/Xilinx/Vivado/2019.2\lib\classes\autoesl-report.jar;C:/Xilinx/Vivado/2019.2\lib\classes\autopilot.scelaborator.jar;C:/Xilinx/Vivado/2019.2\lib\classes\autopilot.sourceprocessor.jar;C:/Xilinx/Vivado/2019.2\lib\classes\autopilot.tbprocessor.jar;C:/Xilinx/Vivado/2019.2\lib\classes\batik-anim.jar;C:/Xilinx/Vivado/2019.2\lib\classes\batik-awt-util.jar;C:/Xilinx/Vivado/2019.2\lib\classes\batik-bridge.jar;C:/Xilinx/Vivado/2019.2\lib\classes\batik-codec.jar;C:/Xilinx/Vivado/2019.2\lib\classes\batik-css.jar;C:/Xilinx/Vivado/2019.2\lib\classes\batik-dom.jar;C:/Xilinx/Vivado/2019.2\lib\classes\batik-ext.jar;C:/Xilinx/Vivado/2019.2\lib\classes\batik-gui-util.jar;C:/Xilinx/Vivado/2019.2\lib\classes\batik-gvt.jar;C:/Xilinx/Vivado/2019.2\lib\classes\batik-parser.jar;C:/Xilinx/Vivado/2019.2\lib\classes\batik-script.jar;C:/Xilinx/Vivado/2019.2\lib\classes\batik-svg-dom.jar;C:/Xilinx/Vivado/2019.2\lib\classes\batik-swing.jar;C:/Xilinx/Vivado/2019.2\lib\classes\batik-transcoder.jar;C:/Xilinx/Vivado/2019.2\lib\classes\batik-util.jar;C:/Xilinx/Vivado/2019.2\lib\classes\batik-xml.jar;C:/Xilinx/Vivado/2019.2\lib\classes\com.google.gson_2.7.0.v20170129-0911.jar;C:/Xilinx/Vivado/2019.2\lib\classes\com.google.guava_21.0.0.v20170206-1425.jar;C:/Xilinx/Vivado/2019.2\lib\classes\com.ibm.icu_4.4.2.v20110208.jar;C:/Xilinx/Vivado/2019.2\lib\classes\com.sigasi.hdt.connection_4.5.0.201909241521.jar;C:/Xilinx/Vivado/2019.2\lib\classes\com.sigasi.hdt.epl_4.5.0.201909241521.jar;C:/Xilinx/Vivado/2019.2\lib\classes\com.sigasi.hdt.project_4.5.0.201909241521.jar;C:/Xilinx/Vivado/2019.2\lib\classes\com.sigasi.hdt.readonlyfilesystem_4.5.0.201909241521.jar;C:/Xilinx/Vivado/2019.2\lib\classes\com.sigasi.lcm_4.5.0.201909241521.jar;C:/Xilinx/Vivado/2019.2\lib\classes\com.sigasi.sdk.client_4.5.0.201909241521.jar;C:/Xilinx/Vivado
Launcher Type: generic

Logging:
Log output configuration:
#0: stdout all=warning uptime,level,tags
#1: stderr all=off uptime,level,tags

Environment Variables:
PATH=C:/Xilinx/Vivado/2019.2\gnuwin\bin;C:/Xilinx/Vivado/2019.2\gnu\microblaze\nt\bin;C:/Xilinx/Vivado/2019.2/bin;C:/Xilinx/Vivado/2019.2/lib/win64.o;C:/Xilinx/Vivado/2019.2/tps/win64/jre9.0.4/bin/server;C:/Xilinx/Vivado/2019.2/tps/win64/jre9.0.4/bin;C:/Xilinx/Vivado/2019.2/ids_lite/ISE/bin/nt64;C:/Xilinx/Vivado/2019.2/ids_lite/ISE/lib/nt64;C:\Windows\system32;C:\Windows;C:\Windows\System32\Wbem;C:\Windows\System32\WindowsPowerShell\v1.0\;C:\Windows\System32\OpenSSH\;C:\Program Files (x86)\NVIDIA Corporation\PhysX\Common;C:\Program Files\NVIDIA Corporation\NVIDIA NvDLISR;C:\Program Files\dotnet\;C:\Program Files (x86)\Microsoft SQL Server\160\Tools\Binn\;C:\Program Files\Microsoft SQL Server\160\Tools\Binn\;C:\Program Files\Microsoft SQL Server\Client SDK\ODBC\170\Tools\Binn\;C:\Program Files\Microsoft SQL Server\160\DTS\Binn\;C:\Program Files (x86)\Microsoft SQL Server\160\DTS\Binn\;C:\Program Files\Azure Data Studio\bin;C:\Program Files\Git\cmd;C:\msys64\mingw64\bin;C:\Users\OmkarRPrabhu\AppData\Local\Programs\Python\Python312\Scripts\;C:\Users\OmkarRPrabhu\AppData\Local\Programs\Python\Python312\;C:\Users\Omkar R Prabhu\AppData\Local\Programs\Python\Python311\Scripts\;C:\Users\Omkar R Prabhu\AppData\Local\Programs\Python\Python311\;C:\Users\OmkarRPrabhu\AppData\Local\Microsoft\WindowsApps;C:\Users\Omkar R Prabhu\AppData\Local\Programs\Microsoft VS Code\bin;C:\MinGW\bin;C:\Users\Omkar R Prabhu\AppData\Local\GitHubDesktop\bin;C:/Xilinx/Vivado/2019.2\tps\mingw\6.2.0\win64.o\nt\bin;C:/Xilinx/Vivado/2019.2\tps\mingw\6.2.0\win64.o\nt\libexec\gcc\x86_64-w64-mingw32\6.2.0;C:/Xilinx/Vivado/2019.2\tps\win64\python-2.7.5;C:/Xilinx/Vivado/2019.2\tps\win64\python-2.7.5\bin;C:/Xilinx/Vivado/2019.2\tps\win64\python-2.7.5\lib;C:/Xilinx/Vivado/2019.2\tps\win64\python-2.7.5\Lib\lib-tk;C:/Xilinx/Vivado/2019.2\tps\win64\python-2.7.5\lib\site-packages
USERNAME=Omkar R Prabhu
OS=Windows_NT
PROCESSOR_IDENTIFIER=Intel64 Family 6 Model 154 Stepping 3, GenuineIntel



---------------  S Y S T E M  ---------------

OS: Windows 10 , 64 bit Build 22621 (10.0.22621.3085)

CPU:total 12 (initial active 12) (6 cores per cpu, 2 threads per core) family 6 model 154 stepping 3, cmov, cx8, fxsr, mmx, sse, sse2, sse3, ssse3, sse4.1, sse4.2, popcnt, avx, avx2, aes, clmul, erms, 3dnowpref, lzcnt, ht, tsc, tscinvbit, bmi1, bmi2, adx, sha, fma

Memory: 4k page, physical 16495736k(4854748k free), swap 21214328k(4471904k free)

vm_info: Java HotSpot(TM) 64-Bit Server VM (9.0.4+11) for windows-amd64 JRE (9.0.4+11), built on Dec 20 2017 02:18:54 by "mach5one" with MS VC++ 12.0 (VS2013)

END.
