#-----------------------------------------------------------
# Vivado v2019.2 (64-bit)
# SW Build 2708876 on Wed Nov  6 21:40:23 MST 2019
# IP Build 2700528 on Thu Nov  7 00:09:20 MST 2019
# Start of session at: Tue Apr 23 03:35:42 2024
# Process ID: 12772
# Current directory: C:/Users/OmkarRPrabhu/Digital_Systems_Assignments/Final_Lab
# Command line: vivado.exe -gui_launcher_event rodinguilauncherevent16200 C:\Users\OmkarRPrabhu\Digital_Systems_Assignments\Final_Lab\Final_Lab.xpr
# Log file: C:/Users/OmkarRPrabhu/Digital_Systems_Assignments/Final_Lab/vivado.log
# Journal file: C:/Users/OmkarRPrabhu/Digital_Systems_Assignments/Final_Lab\vivado.jou
#-----------------------------------------------------------
start_gui
open_project C:/Users/OmkarRPrabhu/Digital_Systems_Assignments/Final_Lab/Final_Lab.xpr
Scanning sources...
Finished scanning sources
INFO: [IP_Flow 19-234] Refreshing IP repositories
INFO: [IP_Flow 19-1704] No user IP repositories specified
INFO: [IP_Flow 19-2313] Loaded Vivado IP repository 'C:/Xilinx/Vivado/2019.2/data/ip'.
open_project: Time (s): cpu = 00:00:13 ; elapsed = 00:00:12 . Memory (MB): peak = 1154.359 ; gain = 514.332
update_compile_order -fileset sources_1
exit
INFO: [Common 17-206] Exiting Vivado at Tue Apr 23 03:37:23 2024...
